2024-10-11 08:27:45,015:ERROR:Erro ao atualizar rotina por nome (com data de finalização): Error binding parameter 7 - probably unsupported type.
2024-10-11 15:49:53,878:ERROR:Erro ao criar registro rotina: Error binding parameter 7 - probably unsupported type.
2024-10-11 15:50:02,429:ERROR:Erro ao atualizar rotina por nome (com data de finalização): Error binding parameter 7 - probably unsupported type.
2024-10-11 15:51:03,937:ERROR:Erro ao criar registro rotina: Error binding parameter 7 - probably unsupported type.
2024-10-11 16:10:41,862:ERROR:Erro ao atualizar rotina por nome (com data de finalização): Error binding parameter 7 - probably unsupported type.
2024-10-11 16:11:46,993:ERROR:Erro ao criar registro rotina: Error binding parameter 7 - probably unsupported type.
2024-10-11 16:16:53,812:ERROR:Erro ao atualizar rotina por nome (com data de finalização): Error binding parameter 7 - probably unsupported type.
2024-10-11 16:17:07,511:ERROR:Erro ao criar registro rotina: Error binding parameter 7 - probably unsupported type.
2024-10-18 14:23:41,833:ERROR:Erro ao criar registro rotina: Error binding parameter 7 - probably unsupported type.
2024-10-18 14:23:56,506:ERROR:Erro ao atualizar rotina por nome (com data de finalização): Error binding parameter 7 - probably unsupported type.
2024-10-18 14:26:35,870:ERROR:Erro ao criar registro rotina: Error binding parameter 7 - probably unsupported type.
2024-10-18 14:27:50,369:ERROR:Erro ao atualizar rotina por nome (com data de finalização): Error binding parameter 7 - probably unsupported type.
2024-10-18 22:06:06,154:ERROR:Erro na thread Atualizador: arguments did not match any overloaded call:
  toString(self, format: Qt.DateFormat = Qt.TextDate): argument 1 has unexpected type 'str'
  toString(self, format: Optional[str]): too many arguments
  toString(self, format: Optional[str], cal: QCalendar): argument 2 has unexpected type 'list'
2024-10-18 22:06:39,533:ERROR:Erro ao atualizar rotina por nome (com data de finalização): Error binding parameter 7 - probably unsupported type.
2024-10-18 22:06:44,083:ERROR:Erro na thread Atualizador: arguments did not match any overloaded call:
  toString(self, format: Qt.DateFormat = Qt.TextDate): argument 1 has unexpected type 'str'
  toString(self, format: Optional[str]): too many arguments
  toString(self, format: Optional[str], cal: QCalendar): argument 2 has unexpected type 'list'
2024-10-18 22:07:57,159:ERROR:Erro ao atualizar rotina por nome (com data de finalização): Error binding parameter 7 - probably unsupported type.
2024-10-18 22:08:06,672:ERROR:Erro na thread Atualizador: arguments did not match any overloaded call:
  toString(self, format: Qt.DateFormat = Qt.TextDate): argument 1 has unexpected type 'str'
  toString(self, format: Optional[str]): too many arguments
  toString(self, format: Optional[str], cal: QCalendar): argument 2 has unexpected type 'list'
2024-10-18 22:09:17,151:ERROR:Erro ao atualizar rotina por nome (com data de finalização): Error binding parameter 7 - probably unsupported type.
2024-10-18 22:10:31,638:ERROR:Erro na thread Atualizador: arguments did not match any overloaded call:
  toString(self, format: Qt.DateFormat = Qt.TextDate): argument 1 has unexpected type 'str'
  toString(self, format: Optional[str]): too many arguments
  toString(self, format: Optional[str], cal: QCalendar): argument 2 has unexpected type 'list'
2024-10-18 22:16:41,501:ERROR:Erro na thread Atualizador: arguments did not match any overloaded call:
  toString(self, format: Qt.DateFormat = Qt.TextDate): argument 1 has unexpected type 'str'
  toString(self, format: Optional[str]): too many arguments
  toString(self, format: Optional[str], cal: QCalendar): argument 2 has unexpected type 'list'
2024-10-18 22:18:50,939:ERROR:Erro na thread Atualizador: arguments did not match any overloaded call:
  toString(self, format: Qt.DateFormat = Qt.TextDate): argument 1 has unexpected type 'str'
  toString(self, format: Optional[str]): too many arguments
  toString(self, format: Optional[str], cal: QCalendar): argument 2 has unexpected type 'list'
2024-10-18 22:21:23,954:ERROR:Erro na thread Atualizador: arguments did not match any overloaded call:
  toString(self, format: Qt.DateFormat = Qt.TextDate): argument 1 has unexpected type 'str'
  toString(self, format: Optional[str]): too many arguments
  toString(self, format: Optional[str], cal: QCalendar): argument 2 has unexpected type 'list'
2024-10-18 22:24:14,049:ERROR:Erro na thread Atualizador: arguments did not match any overloaded call:
  toString(self, format: Qt.DateFormat = Qt.TextDate): argument 1 has unexpected type 'str'
  toString(self, format: Optional[str]): too many arguments
  toString(self, format: Optional[str], cal: QCalendar): argument 2 has unexpected type 'list'
2024-10-18 22:26:57,042:ERROR:Erro na thread Atualizador: arguments did not match any overloaded call:
  toString(self, format: Qt.DateFormat = Qt.TextDate): argument 1 has unexpected type 'str'
  toString(self, format: Optional[str]): too many arguments
  toString(self, format: Optional[str], cal: QCalendar): argument 2 has unexpected type 'list'
2024-10-18 22:29:55,422:ERROR:Erro na thread Atualizador: 'RotinaPrg' object has no attribute 'execucao_finalizada'
2024-10-18 22:30:29,586:ERROR:Erro ao atualizar rotina por nome (com data de finalização): Error binding parameter 7 - probably unsupported type.
2024-10-18 22:31:14,485:ERROR:Erro na thread Atualizador: 'RotinaPrg' object has no attribute 'execucao_finalizada'
2024-10-18 22:33:49,245:ERROR:Erro ao atualizar rotina por nome (com data de finalização): Error binding parameter 7 - probably unsupported type.
2024-10-18 22:36:03,025:ERROR:Erro na atualização de valores: threads can only be started once
2024-10-18 22:36:03,051:ERROR:Erro na atualização de valores: threads can only be started once
2024-10-18 22:36:03,259:ERROR:Erro na atualização de valores: threads can only be started once
2024-10-18 22:36:03,467:ERROR:Erro na atualização de valores: threads can only be started once
2024-10-18 22:36:03,674:ERROR:Erro na atualização de valores: threads can only be started once
2024-10-18 22:36:03,878:ERROR:Erro na atualização de valores: threads can only be started once
2024-10-18 22:36:04,084:ERROR:Erro na atualização de valores: threads can only be started once
2024-10-18 22:36:04,292:ERROR:Erro na atualização de valores: threads can only be started once
2024-10-18 22:36:04,502:ERROR:Erro na atualização de valores: threads can only be started once
2024-10-18 22:36:04,711:ERROR:Erro na atualização de valores: threads can only be started once
2024-10-18 22:36:04,917:ERROR:Erro na atualização de valores: threads can only be started once
2024-10-18 22:36:05,125:ERROR:Erro na atualização de valores: threads can only be started once
2024-10-18 22:36:05,328:ERROR:Erro na atualização de valores: threads can only be started once
2024-10-18 22:36:05,531:ERROR:Erro na atualização de valores: threads can only be started once
2024-10-18 22:36:05,734:ERROR:Erro na atualização de valores: threads can only be started once
2024-10-18 22:36:05,937:ERROR:Erro na atualização de valores: threads can only be started once
2024-10-18 22:36:06,142:ERROR:Erro na atualização de valores: threads can only be started once
2024-10-18 22:36:06,349:ERROR:Erro na atualização de valores: threads can only be started once
2024-10-18 22:36:06,557:ERROR:Erro na atualização de valores: threads can only be started once
2024-10-18 22:36:06,763:ERROR:Erro na atualização de valores: threads can only be started once
2024-10-18 22:36:06,969:ERROR:Erro na atualização de valores: threads can only be started once
2024-10-18 22:36:07,189:ERROR:Erro na atualização de valores: threads can only be started once
2024-10-18 22:36:07,396:ERROR:Erro na atualização de valores: threads can only be started once
2024-10-18 22:36:07,605:ERROR:Erro na atualização de valores: threads can only be started once
2024-10-18 22:36:07,812:ERROR:Erro na atualização de valores: threads can only be started once
2024-10-18 22:36:08,013:ERROR:Erro na atualização de valores: threads can only be started once
2024-10-18 22:36:08,221:ERROR:Erro na atualização de valores: threads can only be started once
2024-10-18 22:36:08,423:ERROR:Erro na atualização de valores: threads can only be started once
2024-10-18 22:36:08,628:ERROR:Erro na atualização de valores: threads can only be started once
2024-10-18 22:36:08,828:ERROR:Erro na atualização de valores: threads can only be started once
2024-10-18 22:36:09,030:ERROR:Erro na atualização de valores: threads can only be started once
2024-10-18 22:36:09,236:ERROR:Erro na atualização de valores: threads can only be started once
2024-10-18 22:36:09,444:ERROR:Erro na atualização de valores: threads can only be started once
2024-10-18 22:36:09,648:ERROR:Erro na atualização de valores: threads can only be started once
2024-10-18 22:36:09,850:ERROR:Erro na atualização de valores: threads can only be started once
2024-10-18 22:36:10,059:ERROR:Erro na atualização de valores: threads can only be started once
2024-10-18 22:36:10,267:ERROR:Erro na atualização de valores: threads can only be started once
2024-10-18 22:36:10,472:ERROR:Erro na atualização de valores: threads can only be started once
2024-10-18 22:36:10,675:ERROR:Erro na atualização de valores: threads can only be started once
2024-10-18 22:36:10,880:ERROR:Erro na atualização de valores: threads can only be started once
2024-10-18 22:36:11,083:ERROR:Erro na atualização de valores: threads can only be started once
2024-10-18 22:36:11,290:ERROR:Erro na atualização de valores: threads can only be started once
2024-10-18 22:36:11,493:ERROR:Erro na atualização de valores: threads can only be started once
2024-10-18 22:36:11,698:ERROR:Erro na atualização de valores: threads can only be started once
2024-10-18 22:36:11,905:ERROR:Erro na atualização de valores: threads can only be started once
2024-10-18 22:36:12,107:ERROR:Erro na atualização de valores: threads can only be started once
2024-10-18 22:36:12,310:ERROR:Erro na atualização de valores: threads can only be started once
2024-10-18 22:36:12,519:ERROR:Erro na atualização de valores: threads can only be started once
2024-10-18 22:36:12,724:ERROR:Erro na atualização de valores: threads can only be started once
2024-10-18 22:36:12,931:ERROR:Erro na atualização de valores: threads can only be started once
2024-10-18 22:36:13,133:ERROR:Erro na atualização de valores: threads can only be started once
2024-10-18 22:36:13,338:ERROR:Erro na atualização de valores: threads can only be started once
2024-10-18 22:36:13,545:ERROR:Erro na atualização de valores: threads can only be started once
2024-10-18 22:36:13,750:ERROR:Erro na atualização de valores: threads can only be started once
2024-10-18 22:36:13,956:ERROR:Erro na atualização de valores: threads can only be started once
2024-10-18 22:36:14,163:ERROR:Erro na atualização de valores: threads can only be started once
2024-10-18 22:36:14,372:ERROR:Erro na atualização de valores: threads can only be started once
2024-10-18 22:36:14,578:ERROR:Erro na atualização de valores: threads can only be started once
2024-10-18 22:36:14,788:ERROR:Erro na atualização de valores: threads can only be started once
2024-10-18 22:36:14,992:ERROR:Erro na atualização de valores: threads can only be started once
2024-10-18 22:36:15,195:ERROR:Erro na atualização de valores: threads can only be started once
2024-10-18 22:36:15,401:ERROR:Erro na atualização de valores: threads can only be started once
2024-10-18 22:36:15,606:ERROR:Erro na atualização de valores: threads can only be started once
2024-10-18 22:36:15,812:ERROR:Erro na atualização de valores: threads can only be started once
2024-10-18 22:36:16,019:ERROR:Erro na atualização de valores: threads can only be started once
2024-10-18 22:36:16,228:ERROR:Erro na atualização de valores: threads can only be started once
2024-10-18 22:36:16,432:ERROR:Erro na atualização de valores: threads can only be started once
2024-10-18 22:36:16,638:ERROR:Erro na atualização de valores: threads can only be started once
2024-10-18 22:36:16,845:ERROR:Erro na atualização de valores: threads can only be started once
2024-10-18 22:36:17,050:ERROR:Erro na atualização de valores: threads can only be started once
2024-10-18 22:36:17,251:ERROR:Erro na atualização de valores: threads can only be started once
2024-10-18 22:36:17,454:ERROR:Erro na atualização de valores: threads can only be started once
2024-10-18 22:36:17,662:ERROR:Erro na atualização de valores: threads can only be started once
2024-10-18 22:36:17,870:ERROR:Erro na atualização de valores: threads can only be started once
2024-10-18 22:36:18,078:ERROR:Erro na atualização de valores: threads can only be started once
2024-10-18 22:36:18,286:ERROR:Erro na atualização de valores: threads can only be started once
2024-10-18 22:36:18,492:ERROR:Erro na atualização de valores: threads can only be started once
2024-10-18 22:36:18,697:ERROR:Erro na atualização de valores: threads can only be started once
2024-10-18 22:36:18,900:ERROR:Erro na atualização de valores: threads can only be started once
2024-10-18 22:36:19,106:ERROR:Erro na atualização de valores: threads can only be started once
2024-10-18 22:36:19,311:ERROR:Erro na atualização de valores: threads can only be started once
2024-10-18 22:36:19,515:ERROR:Erro na atualização de valores: threads can only be started once
2024-10-18 22:36:19,720:ERROR:Erro na atualização de valores: threads can only be started once
2024-10-18 22:36:19,929:ERROR:Erro na atualização de valores: threads can only be started once
2024-10-18 22:36:20,133:ERROR:Erro na atualização de valores: threads can only be started once
2024-10-18 22:36:20,337:ERROR:Erro na atualização de valores: threads can only be started once
2024-10-18 22:36:20,545:ERROR:Erro na atualização de valores: threads can only be started once
2024-10-18 22:36:20,752:ERROR:Erro na atualização de valores: threads can only be started once
2024-10-18 22:36:20,957:ERROR:Erro na atualização de valores: threads can only be started once
2024-10-18 22:36:21,164:ERROR:Erro na atualização de valores: threads can only be started once
2024-10-18 22:36:21,366:ERROR:Erro na atualização de valores: threads can only be started once
2024-10-18 22:36:21,568:ERROR:Erro na atualização de valores: threads can only be started once
2024-10-18 22:36:21,770:ERROR:Erro na atualização de valores: threads can only be started once
2024-10-18 22:36:21,978:ERROR:Erro na atualização de valores: threads can only be started once
2024-10-18 22:36:22,179:ERROR:Erro na atualização de valores: threads can only be started once
2024-10-18 22:36:22,381:ERROR:Erro na atualização de valores: threads can only be started once
2024-10-18 22:36:22,586:ERROR:Erro na atualização de valores: threads can only be started once
2024-10-18 22:36:22,788:ERROR:Erro na atualização de valores: threads can only be started once
2024-10-18 22:36:22,988:ERROR:Erro na atualização de valores: threads can only be started once
2024-10-18 22:36:23,190:ERROR:Erro na atualização de valores: threads can only be started once
2024-10-18 22:36:23,395:ERROR:Erro na atualização de valores: threads can only be started once
2024-10-18 22:36:23,600:ERROR:Erro na atualização de valores: threads can only be started once
2024-10-18 22:36:23,809:ERROR:Erro na atualização de valores: threads can only be started once
2024-10-18 22:36:24,017:ERROR:Erro na atualização de valores: threads can only be started once
2024-10-18 22:36:24,224:ERROR:Erro na atualização de valores: threads can only be started once
2024-10-18 22:36:24,432:ERROR:Erro na atualização de valores: threads can only be started once
2024-10-18 22:36:24,641:ERROR:Erro na atualização de valores: threads can only be started once
2024-10-18 22:36:24,845:ERROR:Erro na atualização de valores: threads can only be started once
2024-10-18 22:36:25,049:ERROR:Erro na atualização de valores: threads can only be started once
2024-10-18 22:36:25,250:ERROR:Erro na atualização de valores: threads can only be started once
2024-10-18 22:36:25,457:ERROR:Erro na atualização de valores: threads can only be started once
2024-10-18 22:36:25,659:ERROR:Erro na atualização de valores: threads can only be started once
2024-10-18 22:36:25,862:ERROR:Erro na atualização de valores: threads can only be started once
2024-10-18 22:36:26,067:ERROR:Erro na atualização de valores: threads can only be started once
2024-10-18 22:36:26,274:ERROR:Erro na atualização de valores: threads can only be started once
2024-10-18 22:36:26,484:ERROR:Erro na atualização de valores: threads can only be started once
2024-10-18 22:36:26,684:ERROR:Erro na atualização de valores: threads can only be started once
2024-10-18 22:36:26,890:ERROR:Erro na atualização de valores: threads can only be started once
2024-10-18 22:36:27,099:ERROR:Erro na atualização de valores: threads can only be started once
2024-10-18 22:36:27,304:ERROR:Erro na atualização de valores: threads can only be started once
2024-10-18 22:36:27,513:ERROR:Erro na atualização de valores: threads can only be started once
2024-10-18 22:36:27,715:ERROR:Erro na atualização de valores: threads can only be started once
2024-10-18 22:36:27,916:ERROR:Erro na atualização de valores: threads can only be started once
2024-10-18 22:36:28,123:ERROR:Erro na atualização de valores: threads can only be started once
2024-10-18 22:36:28,328:ERROR:Erro na atualização de valores: threads can only be started once
2024-10-18 22:36:28,533:ERROR:Erro na atualização de valores: threads can only be started once
2024-10-18 22:36:28,741:ERROR:Erro na atualização de valores: threads can only be started once
2024-10-18 22:36:28,950:ERROR:Erro na atualização de valores: threads can only be started once
2024-10-18 22:36:29,152:ERROR:Erro na atualização de valores: threads can only be started once
2024-10-18 22:36:29,358:ERROR:Erro na atualização de valores: threads can only be started once
2024-10-18 22:36:29,565:ERROR:Erro na atualização de valores: threads can only be started once
2024-10-18 22:36:29,767:ERROR:Erro na atualização de valores: threads can only be started once
2024-10-18 22:36:29,968:ERROR:Erro na atualização de valores: threads can only be started once
2024-10-18 22:36:30,174:ERROR:Erro na atualização de valores: threads can only be started once
2024-10-18 22:36:30,378:ERROR:Erro na atualização de valores: threads can only be started once
2024-10-18 22:36:30,586:ERROR:Erro na atualização de valores: threads can only be started once
2024-10-18 22:36:30,791:ERROR:Erro na atualização de valores: threads can only be started once
2024-10-18 22:36:30,999:ERROR:Erro na atualização de valores: threads can only be started once
2024-10-18 22:36:31,200:ERROR:Erro na atualização de valores: threads can only be started once
2024-10-18 22:36:31,401:ERROR:Erro na atualização de valores: threads can only be started once
2024-10-18 22:36:31,606:ERROR:Erro na atualização de valores: threads can only be started once
2024-10-18 22:36:31,811:ERROR:Erro na atualização de valores: threads can only be started once
2024-10-18 22:36:32,014:ERROR:Erro na atualização de valores: threads can only be started once
2024-10-18 22:36:32,221:ERROR:Erro na atualização de valores: threads can only be started once
2024-10-18 22:36:32,429:ERROR:Erro na atualização de valores: threads can only be started once
2024-10-18 22:36:32,636:ERROR:Erro na atualização de valores: threads can only be started once
2024-10-18 22:36:32,845:ERROR:Erro na atualização de valores: threads can only be started once
2024-10-18 22:36:33,047:ERROR:Erro na atualização de valores: threads can only be started once
2024-10-18 22:36:33,248:ERROR:Erro na atualização de valores: threads can only be started once
2024-10-18 22:36:33,454:ERROR:Erro na atualização de valores: threads can only be started once
2024-10-18 22:36:33,661:ERROR:Erro na atualização de valores: threads can only be started once
2024-10-18 22:36:33,867:ERROR:Erro na atualização de valores: threads can only be started once
2024-10-18 22:36:34,069:ERROR:Erro na atualização de valores: threads can only be started once
2024-10-18 22:36:34,274:ERROR:Erro na atualização de valores: threads can only be started once
2024-10-18 22:36:34,479:ERROR:Erro na atualização de valores: threads can only be started once
2024-10-18 22:36:34,684:ERROR:Erro na atualização de valores: threads can only be started once
2024-10-18 22:36:34,888:ERROR:Erro na atualização de valores: threads can only be started once
2024-10-18 22:36:35,095:ERROR:Erro na atualização de valores: threads can only be started once
2024-10-18 22:36:35,298:ERROR:Erro na atualização de valores: threads can only be started once
2024-10-18 22:36:35,502:ERROR:Erro na atualização de valores: threads can only be started once
2024-10-18 22:36:35,703:ERROR:Erro na atualização de valores: threads can only be started once
2024-10-18 22:36:35,907:ERROR:Erro na atualização de valores: threads can only be started once
2024-10-18 22:36:36,112:ERROR:Erro na atualização de valores: threads can only be started once
2024-10-18 22:36:36,318:ERROR:Erro na atualização de valores: threads can only be started once
2024-10-18 22:36:36,523:ERROR:Erro na atualização de valores: threads can only be started once
2024-10-18 22:36:36,724:ERROR:Erro na atualização de valores: threads can only be started once
2024-10-18 22:36:36,928:ERROR:Erro na atualização de valores: threads can only be started once
2024-10-18 22:36:37,135:ERROR:Erro na atualização de valores: threads can only be started once
2024-10-18 22:36:37,339:ERROR:Erro na atualização de valores: threads can only be started once
2024-10-18 22:36:37,545:ERROR:Erro na atualização de valores: threads can only be started once
2024-10-18 22:36:37,754:ERROR:Erro na atualização de valores: threads can only be started once
2024-10-18 22:36:37,962:ERROR:Erro na atualização de valores: threads can only be started once
2024-10-18 22:36:38,164:ERROR:Erro na atualização de valores: threads can only be started once
2024-10-18 22:36:38,370:ERROR:Erro na atualização de valores: threads can only be started once
2024-10-18 22:36:38,574:ERROR:Erro na atualização de valores: threads can only be started once
2024-10-18 22:36:38,783:ERROR:Erro na atualização de valores: threads can only be started once
2024-10-18 22:36:38,991:ERROR:Erro na atualização de valores: threads can only be started once
2024-10-18 22:36:39,199:ERROR:Erro na atualização de valores: threads can only be started once
2024-10-18 22:36:39,400:ERROR:Erro na atualização de valores: threads can only be started once
2024-10-18 22:36:39,605:ERROR:Erro na atualização de valores: threads can only be started once
2024-10-18 22:36:39,812:ERROR:Erro na atualização de valores: threads can only be started once
2024-10-18 22:36:40,018:ERROR:Erro na atualização de valores: threads can only be started once
2024-10-18 22:36:40,224:ERROR:Erro na atualização de valores: threads can only be started once
2024-10-18 22:36:40,433:ERROR:Erro na atualização de valores: threads can only be started once
2024-10-18 22:36:40,637:ERROR:Erro na atualização de valores: threads can only be started once
2024-10-18 22:36:40,838:ERROR:Erro na atualização de valores: threads can only be started once
2024-10-18 22:36:41,039:ERROR:Erro na atualização de valores: threads can only be started once
2024-10-18 22:36:41,240:ERROR:Erro na atualização de valores: threads can only be started once
2024-10-18 22:36:41,443:ERROR:Erro na atualização de valores: threads can only be started once
2024-10-18 22:36:41,648:ERROR:Erro na atualização de valores: threads can only be started once
2024-10-18 22:36:41,855:ERROR:Erro na atualização de valores: threads can only be started once
2024-10-18 22:36:42,062:ERROR:Erro na atualização de valores: threads can only be started once
2024-10-18 22:36:42,264:ERROR:Erro na atualização de valores: threads can only be started once
2024-10-18 22:36:42,471:ERROR:Erro na atualização de valores: threads can only be started once
2024-10-18 22:36:42,679:ERROR:Erro na atualização de valores: threads can only be started once
2024-10-18 22:36:42,887:ERROR:Erro na atualização de valores: threads can only be started once
2024-10-18 22:36:43,095:ERROR:Erro na atualização de valores: threads can only be started once
2024-10-18 22:36:43,297:ERROR:Erro na atualização de valores: threads can only be started once
2024-10-18 22:36:43,502:ERROR:Erro na atualização de valores: threads can only be started once
2024-10-18 22:36:43,711:ERROR:Erro na atualização de valores: threads can only be started once
2024-10-18 22:36:43,918:ERROR:Erro na atualização de valores: threads can only be started once
2024-10-18 22:36:44,120:ERROR:Erro na atualização de valores: threads can only be started once
2024-10-18 22:36:44,328:ERROR:Erro na atualização de valores: threads can only be started once
2024-10-18 22:36:44,534:ERROR:Erro na atualização de valores: threads can only be started once
2024-10-18 22:36:44,741:ERROR:Erro na atualização de valores: threads can only be started once
2024-10-18 22:36:44,947:ERROR:Erro na atualização de valores: threads can only be started once
2024-10-18 22:36:45,153:ERROR:Erro na atualização de valores: threads can only be started once
2024-10-18 22:36:45,357:ERROR:Erro na atualização de valores: threads can only be started once
2024-10-18 22:36:45,565:ERROR:Erro na atualização de valores: threads can only be started once
2024-10-18 22:36:45,769:ERROR:Erro na atualização de valores: threads can only be started once
2024-10-18 22:36:45,972:ERROR:Erro na atualização de valores: threads can only be started once
2024-10-18 22:36:46,178:ERROR:Erro na atualização de valores: threads can only be started once
2024-10-18 22:36:46,384:ERROR:Erro na atualização de valores: threads can only be started once
2024-10-18 22:36:46,591:ERROR:Erro na atualização de valores: threads can only be started once
2024-10-18 22:36:46,798:ERROR:Erro na atualização de valores: threads can only be started once
2024-10-18 22:36:47,002:ERROR:Erro na atualização de valores: threads can only be started once
2024-10-18 22:36:47,207:ERROR:Erro na atualização de valores: threads can only be started once
2024-10-18 22:36:47,416:ERROR:Erro na atualização de valores: threads can only be started once
2024-10-18 22:36:47,625:ERROR:Erro na atualização de valores: threads can only be started once
2024-10-18 22:36:47,829:ERROR:Erro na atualização de valores: threads can only be started once
2024-10-18 22:36:48,032:ERROR:Erro na atualização de valores: threads can only be started once
2024-10-18 22:36:48,241:ERROR:Erro na atualização de valores: threads can only be started once
2024-10-18 22:36:48,442:ERROR:Erro na atualização de valores: threads can only be started once
2024-10-18 22:36:48,645:ERROR:Erro na atualização de valores: threads can only be started once
2024-10-18 22:36:48,849:ERROR:Erro na atualização de valores: threads can only be started once
2024-10-18 22:36:49,059:ERROR:Erro na atualização de valores: threads can only be started once
2024-10-18 22:36:49,265:ERROR:Erro na atualização de valores: threads can only be started once
2024-10-18 22:36:49,468:ERROR:Erro na atualização de valores: threads can only be started once
2024-10-18 22:36:49,672:ERROR:Erro na atualização de valores: threads can only be started once
2024-10-18 22:36:49,879:ERROR:Erro na atualização de valores: threads can only be started once
2024-10-18 22:36:50,086:ERROR:Erro na atualização de valores: threads can only be started once
2024-10-18 22:36:50,287:ERROR:Erro na atualização de valores: threads can only be started once
2024-10-18 22:36:50,492:ERROR:Erro na atualização de valores: threads can only be started once
2024-10-18 22:36:50,700:ERROR:Erro na atualização de valores: threads can only be started once
2024-10-18 22:36:50,905:ERROR:Erro na atualização de valores: threads can only be started once
2024-10-18 22:36:51,106:ERROR:Erro na atualização de valores: threads can only be started once
2024-10-18 22:36:51,313:ERROR:Erro na atualização de valores: threads can only be started once
2024-10-18 22:36:51,516:ERROR:Erro na atualização de valores: threads can only be started once
2024-10-18 22:36:51,723:ERROR:Erro na atualização de valores: threads can only be started once
2024-10-18 22:36:51,929:ERROR:Erro na atualização de valores: threads can only be started once
2024-10-18 22:36:52,136:ERROR:Erro na atualização de valores: threads can only be started once
2024-10-18 22:36:52,345:ERROR:Erro na atualização de valores: threads can only be started once
2024-10-18 22:36:52,551:ERROR:Erro na atualização de valores: threads can only be started once
2024-10-18 22:36:52,758:ERROR:Erro na atualização de valores: threads can only be started once
2024-10-18 22:36:52,961:ERROR:Erro na atualização de valores: threads can only be started once
2024-10-18 22:36:53,166:ERROR:Erro na atualização de valores: threads can only be started once
2024-10-18 22:36:53,374:ERROR:Erro na atualização de valores: threads can only be started once
2024-10-18 22:36:53,582:ERROR:Erro na atualização de valores: threads can only be started once
2024-10-18 22:36:53,791:ERROR:Erro na atualização de valores: threads can only be started once
2024-10-18 22:36:53,996:ERROR:Erro na atualização de valores: threads can only be started once
2024-10-18 22:36:54,198:ERROR:Erro na atualização de valores: threads can only be started once
2024-10-18 22:36:54,401:ERROR:Erro na atualização de valores: threads can only be started once
2024-10-18 22:36:54,602:ERROR:Erro na atualização de valores: threads can only be started once
2024-10-18 22:36:54,807:ERROR:Erro na atualização de valores: threads can only be started once
2024-10-18 22:36:55,012:ERROR:Erro na atualização de valores: threads can only be started once
2024-10-18 22:36:55,218:ERROR:Erro na atualização de valores: threads can only be started once
2024-10-18 22:36:55,422:ERROR:Erro na atualização de valores: threads can only be started once
2024-10-18 22:36:55,629:ERROR:Erro na atualização de valores: threads can only be started once
2024-10-18 22:36:55,835:ERROR:Erro na atualização de valores: threads can only be started once
2024-10-18 22:36:56,040:ERROR:Erro na atualização de valores: threads can only be started once
2024-10-18 22:36:56,242:ERROR:Erro na atualização de valores: threads can only be started once
2024-10-18 22:36:56,447:ERROR:Erro na atualização de valores: threads can only be started once
2024-10-18 22:36:56,654:ERROR:Erro na atualização de valores: threads can only be started once
2024-10-18 22:36:56,863:ERROR:Erro na atualização de valores: threads can only be started once
2024-10-18 22:36:57,066:ERROR:Erro na atualização de valores: threads can only be started once
2024-10-18 22:36:57,269:ERROR:Erro na atualização de valores: threads can only be started once
2024-10-18 22:36:57,475:ERROR:Erro na atualização de valores: threads can only be started once
2024-10-18 22:36:57,679:ERROR:Erro na atualização de valores: threads can only be started once
2024-10-18 22:36:57,889:ERROR:Erro na atualização de valores: threads can only be started once
2024-10-18 22:36:58,095:ERROR:Erro na atualização de valores: threads can only be started once
2024-10-18 22:36:58,299:ERROR:Erro na atualização de valores: threads can only be started once
2024-10-18 22:36:58,507:ERROR:Erro na atualização de valores: threads can only be started once
2024-10-18 22:36:58,716:ERROR:Erro na atualização de valores: threads can only be started once
2024-10-18 22:36:58,924:ERROR:Erro na atualização de valores: threads can only be started once
2024-10-18 22:36:59,131:ERROR:Erro na atualização de valores: threads can only be started once
2024-10-18 22:36:59,331:ERROR:Erro na atualização de valores: threads can only be started once
2024-10-18 22:36:59,536:ERROR:Erro na atualização de valores: threads can only be started once
2024-10-18 22:36:59,742:ERROR:Erro na atualização de valores: threads can only be started once
2024-10-18 22:36:59,951:ERROR:Erro na atualização de valores: threads can only be started once
2024-10-18 22:37:00,157:ERROR:Erro na atualização de valores: threads can only be started once
2024-10-18 22:37:00,362:ERROR:Erro na atualização de valores: threads can only be started once
2024-10-18 22:37:00,571:ERROR:Erro na atualização de valores: threads can only be started once
2024-10-18 22:37:00,778:ERROR:Erro na atualização de valores: threads can only be started once
2024-10-18 22:37:00,985:ERROR:Erro na atualização de valores: threads can only be started once
2024-10-18 22:37:01,191:ERROR:Erro na atualização de valores: threads can only be started once
2024-10-18 22:37:01,396:ERROR:Erro na atualização de valores: threads can only be started once
2024-10-18 22:37:01,604:ERROR:Erro na atualização de valores: threads can only be started once
2024-10-18 22:37:01,809:ERROR:Erro na atualização de valores: threads can only be started once
2024-10-18 22:37:02,017:ERROR:Erro na atualização de valores: threads can only be started once
2024-10-18 22:37:02,227:ERROR:Erro na atualização de valores: threads can only be started once
2024-10-18 22:37:02,429:ERROR:Erro na atualização de valores: threads can only be started once
2024-10-18 22:37:02,636:ERROR:Erro na atualização de valores: threads can only be started once
2024-10-18 22:37:02,846:ERROR:Erro na atualização de valores: threads can only be started once
2024-10-18 22:37:03,051:ERROR:Erro na atualização de valores: threads can only be started once
2024-10-18 22:37:03,258:ERROR:Erro na atualização de valores: threads can only be started once
2024-10-18 22:37:03,463:ERROR:Erro na atualização de valores: threads can only be started once
2024-10-18 22:37:03,670:ERROR:Erro na atualização de valores: threads can only be started once
2024-10-18 22:37:03,878:ERROR:Erro na atualização de valores: threads can only be started once
2024-10-18 22:37:04,085:ERROR:Erro na atualização de valores: threads can only be started once
2024-10-18 22:37:04,285:ERROR:Erro na atualização de valores: threads can only be started once
2024-10-18 22:37:04,486:ERROR:Erro na atualização de valores: threads can only be started once
2024-10-18 22:37:04,695:ERROR:Erro na atualização de valores: threads can only be started once
2024-10-18 22:37:04,903:ERROR:Erro na atualização de valores: threads can only be started once
2024-10-18 22:37:05,107:ERROR:Erro na atualização de valores: threads can only be started once
2024-10-18 22:37:05,311:ERROR:Erro na atualização de valores: threads can only be started once
2024-10-18 22:37:05,514:ERROR:Erro na atualização de valores: threads can only be started once
2024-10-18 22:37:05,719:ERROR:Erro na atualização de valores: threads can only be started once
2024-10-18 22:37:05,924:ERROR:Erro na atualização de valores: threads can only be started once
2024-10-18 22:37:06,131:ERROR:Erro na atualização de valores: threads can only be started once
2024-10-18 22:37:06,334:ERROR:Erro na atualização de valores: threads can only be started once
2024-10-18 22:37:06,543:ERROR:Erro na atualização de valores: threads can only be started once
2024-10-18 22:37:06,750:ERROR:Erro na atualização de valores: threads can only be started once
2024-10-18 22:37:06,959:ERROR:Erro na atualização de valores: threads can only be started once
2024-10-18 22:37:07,166:ERROR:Erro na atualização de valores: threads can only be started once
2024-10-18 22:37:07,367:ERROR:Erro na atualização de valores: threads can only be started once
2024-10-18 22:37:07,574:ERROR:Erro na atualização de valores: threads can only be started once
2024-10-18 22:37:07,780:ERROR:Erro na atualização de valores: threads can only be started once
2024-10-18 22:37:07,983:ERROR:Erro na atualização de valores: threads can only be started once
2024-10-18 22:37:08,184:ERROR:Erro na atualização de valores: threads can only be started once
2024-10-18 22:37:08,391:ERROR:Erro na atualização de valores: threads can only be started once
2024-10-18 22:37:08,596:ERROR:Erro na atualização de valores: threads can only be started once
2024-10-18 22:37:08,801:ERROR:Erro na atualização de valores: threads can only be started once
2024-10-18 22:37:09,002:ERROR:Erro na atualização de valores: threads can only be started once
2024-10-18 22:37:09,203:ERROR:Erro na atualização de valores: threads can only be started once
2024-10-18 22:37:09,407:ERROR:Erro na atualização de valores: threads can only be started once
2024-10-18 22:37:09,612:ERROR:Erro na atualização de valores: threads can only be started once
2024-10-18 22:37:09,819:ERROR:Erro na atualização de valores: threads can only be started once
2024-10-18 22:37:10,021:ERROR:Erro na atualização de valores: threads can only be started once
2024-10-18 22:37:10,222:ERROR:Erro na atualização de valores: threads can only be started once
2024-10-18 22:37:10,430:ERROR:Erro na atualização de valores: threads can only be started once
2024-10-18 22:37:10,636:ERROR:Erro na atualização de valores: threads can only be started once
2024-10-18 22:37:10,842:ERROR:Erro na atualização de valores: threads can only be started once
2024-10-18 22:37:11,051:ERROR:Erro na atualização de valores: threads can only be started once
2024-10-18 22:37:11,256:ERROR:Erro na atualização de valores: threads can only be started once
2024-10-18 22:37:11,462:ERROR:Erro na atualização de valores: threads can only be started once
2024-10-18 22:37:11,663:ERROR:Erro na atualização de valores: threads can only be started once
2024-10-18 22:37:11,869:ERROR:Erro na atualização de valores: threads can only be started once
2024-10-18 22:37:12,072:ERROR:Erro na atualização de valores: threads can only be started once
2024-10-18 22:37:12,279:ERROR:Erro na atualização de valores: threads can only be started once
2024-10-18 22:37:12,482:ERROR:Erro na atualização de valores: threads can only be started once
2024-10-18 22:37:12,687:ERROR:Erro na atualização de valores: threads can only be started once
2024-10-18 22:37:13,946:ERROR:Erro na atualização de valores: threads can only be started once
2024-10-18 22:37:28,461:ERROR:Erro na atualização de valores: threads can only be started once
2024-10-18 22:37:44,940:ERROR:Erro na atualização de valores: threads can only be started once
2024-10-18 22:37:53,387:ERROR:Erro na atualização de valores: threads can only be started once
2024-10-18 22:37:57,098:ERROR:Erro na atualização de valores: threads can only be started once
2024-10-18 22:37:58,816:ERROR:Erro na atualização de valores: threads can only be started once
2024-10-18 22:37:59,090:ERROR:Erro na atualização de valores: threads can only be started once
2024-10-18 22:38:00,234:ERROR:Erro na atualização de valores: threads can only be started once
2024-10-18 22:38:01,358:ERROR:Erro na atualização de valores: threads can only be started once
2024-10-18 22:38:01,611:ERROR:Erro na atualização de valores: threads can only be started once
2024-10-18 22:38:02,125:ERROR:Erro na atualização de valores: threads can only be started once
2024-10-18 22:38:02,476:ERROR:Erro na atualização de valores: threads can only be started once
2024-10-18 22:38:15,323:ERROR:Erro na atualização de valores: threads can only be started once
2024-10-18 22:38:20,931:ERROR:Erro na atualização de valores: threads can only be started once
2024-10-18 22:38:32,318:ERROR:Erro na atualização de valores: threads can only be started once
2024-10-18 22:38:36,166:ERROR:Erro na atualização de valores: threads can only be started once
2024-10-18 22:38:37,267:ERROR:Erro na atualização de valores: threads can only be started once
2024-10-18 22:38:38,370:ERROR:Erro na atualização de valores: threads can only be started once
2024-10-18 22:38:39,135:ERROR:Erro na atualização de valores: threads can only be started once
2024-10-18 22:38:39,389:ERROR:Erro na atualização de valores: threads can only be started once
2024-10-18 22:38:42,891:ERROR:Erro na atualização de valores: threads can only be started once
2024-10-18 22:38:47,556:ERROR:Erro na atualização de valores: threads can only be started once
2024-10-18 22:38:50,652:ERROR:Erro na atualização de valores: threads can only be started once
2024-10-18 22:39:03,176:ERROR:Erro na atualização de valores: threads can only be started once
2024-10-18 22:39:07,180:ERROR:Erro na atualização de valores: threads can only be started once
2024-10-18 22:39:22,536:ERROR:Erro na atualização de valores: threads can only be started once
2024-10-18 22:39:27,470:ERROR:Erro na atualização de valores: threads can only be started once
2024-10-18 22:39:34,773:ERROR:Erro na atualização de valores: threads can only be started once
2024-10-18 22:39:54,974:ERROR:Erro na atualização de valores: threads can only be started once
2024-10-18 22:40:07,088:ERROR:Erro na atualização de valores: threads can only be started once
2024-10-18 22:40:08,585:ERROR:Erro na atualização de valores: threads can only be started once
2024-10-18 22:40:11,840:ERROR:Erro na atualização de valores: threads can only be started once
2024-10-18 22:40:14,816:ERROR:Erro na atualização de valores: threads can only be started once
2024-10-18 22:40:17,147:ERROR:Erro na atualização de valores: threads can only be started once
2024-10-18 22:40:19,027:ERROR:Erro na atualização de valores: threads can only be started once
2024-10-18 22:40:20,129:ERROR:Erro na atualização de valores: threads can only be started once
2024-10-18 22:40:21,336:ERROR:Erro na atualização de valores: threads can only be started once
2024-10-18 22:40:22,233:ERROR:Erro na atualização de valores: threads can only be started once
2024-10-18 22:40:44,328:ERROR:Erro na thread Atualizador: 'RotinaPrg' object has no attribute 'execucao_finalizada'
2024-10-18 22:42:57,369:ERROR:Erro na thread Atualizador: 'RotinaPrg' object has no attribute 'execucao_finalizada'
2024-10-24 11:19:00,439:ERROR:Erro ao atualizar rotina por nome (com data de finalização): Error binding parameter 7 - probably unsupported type.
2024-10-24 11:20:01,899:ERROR:Erro ao criar registro rotina: Error binding parameter 7 - probably unsupported type.
2024-10-24 11:20:24,107:ERROR:Erro ao atualizar rotina por nome (com data de finalização): Error binding parameter 7 - probably unsupported type.
2024-10-28 14:43:13,723:ERROR:Erro ao buscar registro_op pelo ID: no such table: registro_op
2024-10-28 14:43:13,724:ERROR:Erro ao buscar registro_op pelo ID: no such table: registro_op
2024-10-28 14:44:04,931:ERROR:Erro ao buscar registro_op pelo ID: no such table: registro_op
2024-10-28 14:44:04,932:ERROR:Erro ao buscar registro_op pelo ID: no such table: registro_op
2024-10-28 14:52:31,305:ERROR:Erro ao buscar registro_op pelo ID: no such table: registro_op
2024-10-28 14:52:31,305:ERROR:Erro ao buscar registro_op pelo ID: no such table: registro_op
2024-11-03 15:46:58,876:ERROR:Erro ao buscar registro_op pelo ID: no such table: registro_op
2024-11-03 15:46:58,877:ERROR:Erro ao buscar registro_op pelo ID: no such table: registro_op
2024-11-03 15:49:08,588:ERROR:Erro ao buscar registro_op pelo ID: no such table: registro_op
2024-11-03 15:49:08,588:ERROR:Erro ao buscar registro_op pelo ID: no such table: registro_op
2024-11-06 21:08:09,304:ERROR:Erro ao criar motivo_parada: table motivo_parada has no column named data_parada
2024-11-06 21:08:09,354:ERROR:Erro ao criar motivo_parada: table motivo_parada has no column named data_parada
2024-11-07 21:51:14,027:ERROR:Erro na inicialização da TelaExecucao: 'TelaExecucao' object has no attribute '_retra'
2024-11-07 21:51:28,404:ERROR:Erro na inicialização da TelaExecucao: 'TelaExecucao' object has no attribute '_retra'
2024-11-07 21:52:31,089:ERROR:Erro na inicialização da TelaExecucao: 'TelaExecucao' object has no attribute '_retra'
2024-11-09 19:28:46,994:ERROR:Erro na atualização de valores: 'TelaExecucao' object has no attribute 'cor_eletrodo_direito_teste'
2024-11-09 19:28:46,996:ERROR:Erro na atualização de valores: 'TelaExecucao' object has no attribute 'cor_eletrodo_direito_teste'
2024-11-09 19:28:46,996:ERROR:Erro na atualização de valores: 'TelaExecucao' object has no attribute 'cor_eletrodo_direito_teste'
2024-11-09 19:28:46,997:ERROR:Erro na atualização de valores: 'TelaExecucao' object has no attribute 'cor_eletrodo_direito_teste'
2024-11-09 19:28:46,997:ERROR:Erro na atualização de valores: 'TelaExecucao' object has no attribute 'cor_eletrodo_direito_teste'
2024-11-09 19:28:46,998:ERROR:Erro na atualização de valores: 'TelaExecucao' object has no attribute 'cor_eletrodo_direito_teste'
2024-11-09 19:28:46,998:ERROR:Erro na atualização de valores: 'TelaExecucao' object has no attribute 'cor_eletrodo_direito_teste'
2024-11-09 19:28:46,999:ERROR:Erro na atualização de valores: 'TelaExecucao' object has no attribute 'cor_eletrodo_direito_teste'
2024-11-09 19:28:46,999:ERROR:Erro na atualização de valores: 'TelaExecucao' object has no attribute 'cor_eletrodo_direito_teste'
2024-11-09 19:28:47,000:ERROR:Erro na atualização de valores: 'TelaExecucao' object has no attribute 'cor_eletrodo_direito_teste'
2024-11-09 19:28:47,048:ERROR:Erro na atualização de valores: 'TelaExecucao' object has no attribute 'cor_eletrodo_direito_teste'
2024-11-09 19:28:47,255:ERROR:Erro na atualização de valores: 'TelaExecucao' object has no attribute 'cor_eletrodo_direito_teste'
2024-11-09 19:28:47,459:ERROR:Erro na atualização de valores: 'TelaExecucao' object has no attribute 'cor_eletrodo_direito_teste'
2024-11-09 19:28:47,662:ERROR:Erro na atualização de valores: 'TelaExecucao' object has no attribute 'cor_eletrodo_direito_teste'
2024-11-09 19:28:47,870:ERROR:Erro na atualização de valores: 'TelaExecucao' object has no attribute 'cor_eletrodo_direito_teste'
2024-11-09 19:28:48,077:ERROR:Erro na atualização de valores: 'TelaExecucao' object has no attribute 'cor_eletrodo_direito_teste'
2024-11-09 19:28:48,282:ERROR:Erro na atualização de valores: 'TelaExecucao' object has no attribute 'cor_eletrodo_direito_teste'
2024-11-09 19:28:48,486:ERROR:Erro na atualização de valores: 'TelaExecucao' object has no attribute 'cor_eletrodo_direito_teste'
2024-11-09 19:28:48,691:ERROR:Erro na atualização de valores: 'TelaExecucao' object has no attribute 'cor_eletrodo_direito_teste'
2024-11-09 19:28:48,895:ERROR:Erro na atualização de valores: 'TelaExecucao' object has no attribute 'cor_eletrodo_direito_teste'
2024-11-09 19:28:49,100:ERROR:Erro na atualização de valores: 'TelaExecucao' object has no attribute 'cor_eletrodo_direito_teste'
2024-11-09 19:28:49,307:ERROR:Erro na atualização de valores: 'TelaExecucao' object has no attribute 'cor_eletrodo_direito_teste'
2024-11-09 19:28:49,510:ERROR:Erro na atualização de valores: 'TelaExecucao' object has no attribute 'cor_eletrodo_direito_teste'
2024-11-09 19:28:49,711:ERROR:Erro na atualização de valores: 'TelaExecucao' object has no attribute 'cor_eletrodo_direito_teste'
2024-11-09 19:28:49,917:ERROR:Erro na atualização de valores: 'TelaExecucao' object has no attribute 'cor_eletrodo_direito_teste'
2024-11-09 19:28:50,122:ERROR:Erro na atualização de valores: 'TelaExecucao' object has no attribute 'cor_eletrodo_direito_teste'
2024-11-09 19:28:50,327:ERROR:Erro na atualização de valores: 'TelaExecucao' object has no attribute 'cor_eletrodo_direito_teste'
2024-11-09 19:28:50,533:ERROR:Erro na atualização de valores: 'TelaExecucao' object has no attribute 'cor_eletrodo_direito_teste'
2024-11-09 19:28:50,736:ERROR:Erro na atualização de valores: 'TelaExecucao' object has no attribute 'cor_eletrodo_direito_teste'
2024-11-09 19:28:50,943:ERROR:Erro na atualização de valores: 'TelaExecucao' object has no attribute 'cor_eletrodo_direito_teste'
2024-11-09 19:28:51,145:ERROR:Erro na atualização de valores: 'TelaExecucao' object has no attribute 'cor_eletrodo_direito_teste'
2024-11-09 19:28:51,349:ERROR:Erro na atualização de valores: 'TelaExecucao' object has no attribute 'cor_eletrodo_direito_teste'
2024-11-09 19:28:51,557:ERROR:Erro na atualização de valores: 'TelaExecucao' object has no attribute 'cor_eletrodo_direito_teste'
2024-11-09 19:28:51,761:ERROR:Erro na atualização de valores: 'TelaExecucao' object has no attribute 'cor_eletrodo_direito_teste'
2024-11-09 19:28:51,962:ERROR:Erro na atualização de valores: 'TelaExecucao' object has no attribute 'cor_eletrodo_direito_teste'
2024-11-09 19:28:52,166:ERROR:Erro na atualização de valores: 'TelaExecucao' object has no attribute 'cor_eletrodo_direito_teste'
2024-11-09 19:28:52,371:ERROR:Erro na atualização de valores: 'TelaExecucao' object has no attribute 'cor_eletrodo_direito_teste'
2024-11-09 19:28:52,578:ERROR:Erro na atualização de valores: 'TelaExecucao' object has no attribute 'cor_eletrodo_direito_teste'
2024-11-09 19:28:52,784:ERROR:Erro na atualização de valores: 'TelaExecucao' object has no attribute 'cor_eletrodo_direito_teste'
2024-11-09 19:28:52,987:ERROR:Erro na atualização de valores: 'TelaExecucao' object has no attribute 'cor_eletrodo_direito_teste'
2024-11-09 19:28:53,191:ERROR:Erro na atualização de valores: 'TelaExecucao' object has no attribute 'cor_eletrodo_direito_teste'
2024-11-09 19:28:53,394:ERROR:Erro na atualização de valores: 'TelaExecucao' object has no attribute 'cor_eletrodo_direito_teste'
2024-11-09 19:28:53,600:ERROR:Erro na atualização de valores: 'TelaExecucao' object has no attribute 'cor_eletrodo_direito_teste'
2024-11-09 19:28:53,805:ERROR:Erro na atualização de valores: 'TelaExecucao' object has no attribute 'cor_eletrodo_direito_teste'
2024-11-09 19:28:54,011:ERROR:Erro na atualização de valores: 'TelaExecucao' object has no attribute 'cor_eletrodo_direito_teste'
2024-11-09 19:28:54,216:ERROR:Erro na atualização de valores: 'TelaExecucao' object has no attribute 'cor_eletrodo_direito_teste'
2024-11-09 19:28:54,422:ERROR:Erro na atualização de valores: 'TelaExecucao' object has no attribute 'cor_eletrodo_direito_teste'
2024-11-09 19:28:54,627:ERROR:Erro na atualização de valores: 'TelaExecucao' object has no attribute 'cor_eletrodo_direito_teste'
2024-11-09 19:28:54,830:ERROR:Erro na atualização de valores: 'TelaExecucao' object has no attribute 'cor_eletrodo_direito_teste'
2024-11-09 19:28:55,039:ERROR:Erro na atualização de valores: 'TelaExecucao' object has no attribute 'cor_eletrodo_direito_teste'
2024-11-09 19:28:55,244:ERROR:Erro na atualização de valores: 'TelaExecucao' object has no attribute 'cor_eletrodo_direito_teste'
2024-11-09 19:28:55,444:ERROR:Erro na atualização de valores: 'TelaExecucao' object has no attribute 'cor_eletrodo_direito_teste'
2024-11-09 19:28:55,652:ERROR:Erro na atualização de valores: 'TelaExecucao' object has no attribute 'cor_eletrodo_direito_teste'
2024-11-09 19:28:55,858:ERROR:Erro na atualização de valores: 'TelaExecucao' object has no attribute 'cor_eletrodo_direito_teste'
2024-11-09 19:38:22,154:ERROR:Erro na atualização de valores: 'TelaExecucao' object has no attribute 'cor_eletrodo_direito_teste'
2024-11-09 19:38:22,156:ERROR:Erro na atualização de valores: 'TelaExecucao' object has no attribute 'cor_eletrodo_direito_teste'
2024-11-09 19:38:22,157:ERROR:Erro na atualização de valores: 'TelaExecucao' object has no attribute 'cor_eletrodo_direito_teste'
2024-11-09 19:38:22,158:ERROR:Erro na atualização de valores: 'TelaExecucao' object has no attribute 'cor_eletrodo_direito_teste'
2024-11-09 19:38:22,159:ERROR:Erro na atualização de valores: 'TelaExecucao' object has no attribute 'cor_eletrodo_direito_teste'
2024-11-09 19:38:22,159:ERROR:Erro na atualização de valores: 'TelaExecucao' object has no attribute 'cor_eletrodo_direito_teste'
2024-11-09 19:38:22,160:ERROR:Erro na atualização de valores: 'TelaExecucao' object has no attribute 'cor_eletrodo_direito_teste'
2024-11-09 19:38:22,161:ERROR:Erro na atualização de valores: 'TelaExecucao' object has no attribute 'cor_eletrodo_direito_teste'
2024-11-09 19:38:22,161:ERROR:Erro na atualização de valores: 'TelaExecucao' object has no attribute 'cor_eletrodo_direito_teste'
2024-11-09 19:38:22,162:ERROR:Erro na atualização de valores: 'TelaExecucao' object has no attribute 'cor_eletrodo_direito_teste'
2024-11-09 19:38:22,174:ERROR:Erro na atualização de valores: 'TelaExecucao' object has no attribute 'cor_eletrodo_direito_teste'
2024-11-09 19:38:22,379:ERROR:Erro na atualização de valores: 'TelaExecucao' object has no attribute 'cor_eletrodo_direito_teste'
2024-11-09 19:38:22,585:ERROR:Erro na atualização de valores: 'TelaExecucao' object has no attribute 'cor_eletrodo_direito_teste'
2024-11-09 19:38:22,790:ERROR:Erro na atualização de valores: 'TelaExecucao' object has no attribute 'cor_eletrodo_direito_teste'
2024-11-09 19:38:22,998:ERROR:Erro na atualização de valores: 'TelaExecucao' object has no attribute 'cor_eletrodo_direito_teste'
2024-11-09 19:38:23,202:ERROR:Erro na atualização de valores: 'TelaExecucao' object has no attribute 'cor_eletrodo_direito_teste'
2024-11-09 19:38:23,406:ERROR:Erro na atualização de valores: 'TelaExecucao' object has no attribute 'cor_eletrodo_direito_teste'
2024-11-09 19:38:23,608:ERROR:Erro na atualização de valores: 'TelaExecucao' object has no attribute 'cor_eletrodo_direito_teste'
2024-11-09 19:38:23,810:ERROR:Erro na atualização de valores: 'TelaExecucao' object has no attribute 'cor_eletrodo_direito_teste'
2024-11-09 19:38:24,017:ERROR:Erro na atualização de valores: 'TelaExecucao' object has no attribute 'cor_eletrodo_direito_teste'
2024-11-09 19:38:24,219:ERROR:Erro na atualização de valores: 'TelaExecucao' object has no attribute 'cor_eletrodo_direito_teste'
2024-11-09 19:38:24,424:ERROR:Erro na atualização de valores: 'TelaExecucao' object has no attribute 'cor_eletrodo_direito_teste'
2024-11-09 19:38:24,632:ERROR:Erro na atualização de valores: 'TelaExecucao' object has no attribute 'cor_eletrodo_direito_teste'
2024-11-09 19:38:24,836:ERROR:Erro na atualização de valores: 'TelaExecucao' object has no attribute 'cor_eletrodo_direito_teste'
2024-11-09 19:38:25,045:ERROR:Erro na atualização de valores: 'TelaExecucao' object has no attribute 'cor_eletrodo_direito_teste'
2024-11-09 19:38:25,251:ERROR:Erro na atualização de valores: 'TelaExecucao' object has no attribute 'cor_eletrodo_direito_teste'
2024-11-09 19:38:25,462:ERROR:Erro na atualização de valores: 'TelaExecucao' object has no attribute 'cor_eletrodo_direito_teste'
2024-11-09 19:38:25,666:ERROR:Erro na atualização de valores: 'TelaExecucao' object has no attribute 'cor_eletrodo_direito_teste'
2024-11-09 19:38:25,868:ERROR:Erro na atualização de valores: 'TelaExecucao' object has no attribute 'cor_eletrodo_direito_teste'
2024-11-09 19:38:26,070:ERROR:Erro na atualização de valores: 'TelaExecucao' object has no attribute 'cor_eletrodo_direito_teste'
2024-11-09 19:38:26,276:ERROR:Erro na atualização de valores: 'TelaExecucao' object has no attribute 'cor_eletrodo_direito_teste'
2024-11-09 19:38:26,482:ERROR:Erro na atualização de valores: 'TelaExecucao' object has no attribute 'cor_eletrodo_direito_teste'
2024-11-09 19:38:26,688:ERROR:Erro na atualização de valores: 'TelaExecucao' object has no attribute 'cor_eletrodo_direito_teste'
2024-11-09 19:38:26,893:ERROR:Erro na atualização de valores: 'TelaExecucao' object has no attribute 'cor_eletrodo_direito_teste'
2024-11-09 19:38:27,096:ERROR:Erro na atualização de valores: 'TelaExecucao' object has no attribute 'cor_eletrodo_direito_teste'
2024-11-09 19:38:27,304:ERROR:Erro na atualização de valores: 'TelaExecucao' object has no attribute 'cor_eletrodo_direito_teste'
2024-11-09 19:38:27,504:ERROR:Erro na atualização de valores: 'TelaExecucao' object has no attribute 'cor_eletrodo_direito_teste'
2024-11-09 19:38:27,707:ERROR:Erro na atualização de valores: 'TelaExecucao' object has no attribute 'cor_eletrodo_direito_teste'
2024-11-09 19:38:27,914:ERROR:Erro na atualização de valores: 'TelaExecucao' object has no attribute 'cor_eletrodo_direito_teste'
2024-11-09 19:38:28,118:ERROR:Erro na atualização de valores: 'TelaExecucao' object has no attribute 'cor_eletrodo_direito_teste'
2024-11-09 19:38:28,318:ERROR:Erro na atualização de valores: 'TelaExecucao' object has no attribute 'cor_eletrodo_direito_teste'
2024-11-09 19:38:28,522:ERROR:Erro na atualização de valores: 'TelaExecucao' object has no attribute 'cor_eletrodo_direito_teste'
2024-11-09 19:38:28,726:ERROR:Erro na atualização de valores: 'TelaExecucao' object has no attribute 'cor_eletrodo_direito_teste'
2024-11-09 19:38:28,931:ERROR:Erro na atualização de valores: 'TelaExecucao' object has no attribute 'cor_eletrodo_direito_teste'
2024-11-09 19:38:29,133:ERROR:Erro na atualização de valores: 'TelaExecucao' object has no attribute 'cor_eletrodo_direito_teste'
2024-11-09 19:38:29,337:ERROR:Erro na atualização de valores: 'TelaExecucao' object has no attribute 'cor_eletrodo_direito_teste'
2024-11-09 19:38:29,541:ERROR:Erro na atualização de valores: 'TelaExecucao' object has no attribute 'cor_eletrodo_direito_teste'
2024-11-09 19:38:29,742:ERROR:Erro na atualização de valores: 'TelaExecucao' object has no attribute 'cor_eletrodo_direito_teste'
2024-11-09 19:38:29,949:ERROR:Erro na atualização de valores: 'TelaExecucao' object has no attribute 'cor_eletrodo_direito_teste'
2024-11-09 19:38:30,150:ERROR:Erro na atualização de valores: 'TelaExecucao' object has no attribute 'cor_eletrodo_direito_teste'
2024-11-09 19:38:30,355:ERROR:Erro na atualização de valores: 'TelaExecucao' object has no attribute 'cor_eletrodo_direito_teste'
2024-11-09 19:38:30,559:ERROR:Erro na atualização de valores: 'TelaExecucao' object has no attribute 'cor_eletrodo_direito_teste'
2024-11-09 19:38:30,765:ERROR:Erro na atualização de valores: 'TelaExecucao' object has no attribute 'cor_eletrodo_direito_teste'
2024-11-09 19:38:30,968:ERROR:Erro na atualização de valores: 'TelaExecucao' object has no attribute 'cor_eletrodo_direito_teste'
2024-11-09 19:41:19,309:ERROR:Erro na atualização de valores: 'TelaExecucao' object has no attribute 'cor_eletrodo_direito_teste'
2024-11-09 19:41:19,311:ERROR:Erro na atualização de valores: 'TelaExecucao' object has no attribute 'cor_eletrodo_direito_teste'
2024-11-09 19:41:19,312:ERROR:Erro na atualização de valores: 'TelaExecucao' object has no attribute 'cor_eletrodo_direito_teste'
2024-11-09 19:41:19,312:ERROR:Erro na atualização de valores: 'TelaExecucao' object has no attribute 'cor_eletrodo_direito_teste'
2024-11-09 19:41:19,313:ERROR:Erro na atualização de valores: 'TelaExecucao' object has no attribute 'cor_eletrodo_direito_teste'
2024-11-09 19:41:19,313:ERROR:Erro na atualização de valores: 'TelaExecucao' object has no attribute 'cor_eletrodo_direito_teste'
2024-11-09 19:41:19,314:ERROR:Erro na atualização de valores: 'TelaExecucao' object has no attribute 'cor_eletrodo_direito_teste'
2024-11-09 19:41:19,315:ERROR:Erro na atualização de valores: 'TelaExecucao' object has no attribute 'cor_eletrodo_direito_teste'
2024-11-09 19:41:19,316:ERROR:Erro na atualização de valores: 'TelaExecucao' object has no attribute 'cor_eletrodo_direito_teste'
2024-11-09 19:41:19,316:ERROR:Erro na atualização de valores: 'TelaExecucao' object has no attribute 'cor_eletrodo_direito_teste'
2024-11-09 19:41:19,358:ERROR:Erro na atualização de valores: 'TelaExecucao' object has no attribute 'cor_eletrodo_direito_teste'
2024-11-09 19:41:19,563:ERROR:Erro na atualização de valores: 'TelaExecucao' object has no attribute 'cor_eletrodo_direito_teste'
2024-11-09 19:41:19,771:ERROR:Erro na atualização de valores: 'TelaExecucao' object has no attribute 'cor_eletrodo_direito_teste'
2024-11-09 19:41:19,979:ERROR:Erro na atualização de valores: 'TelaExecucao' object has no attribute 'cor_eletrodo_direito_teste'
2024-11-09 19:41:20,184:ERROR:Erro na atualização de valores: 'TelaExecucao' object has no attribute 'cor_eletrodo_direito_teste'
2024-11-09 19:41:20,390:ERROR:Erro na atualização de valores: 'TelaExecucao' object has no attribute 'cor_eletrodo_direito_teste'
2024-11-09 19:41:20,600:ERROR:Erro na atualização de valores: 'TelaExecucao' object has no attribute 'cor_eletrodo_direito_teste'
2024-11-09 19:41:20,806:ERROR:Erro na atualização de valores: 'TelaExecucao' object has no attribute 'cor_eletrodo_direito_teste'
2024-11-09 19:41:21,015:ERROR:Erro na atualização de valores: 'TelaExecucao' object has no attribute 'cor_eletrodo_direito_teste'
2024-11-09 19:41:21,222:ERROR:Erro na atualização de valores: 'TelaExecucao' object has no attribute 'cor_eletrodo_direito_teste'
2024-11-09 19:41:21,427:ERROR:Erro na atualização de valores: 'TelaExecucao' object has no attribute 'cor_eletrodo_direito_teste'
2024-11-09 19:41:21,635:ERROR:Erro na atualização de valores: 'TelaExecucao' object has no attribute 'cor_eletrodo_direito_teste'
2024-11-09 19:41:21,837:ERROR:Erro na atualização de valores: 'TelaExecucao' object has no attribute 'cor_eletrodo_direito_teste'
2024-11-09 19:41:22,042:ERROR:Erro na atualização de valores: 'TelaExecucao' object has no attribute 'cor_eletrodo_direito_teste'
2024-11-09 19:41:22,249:ERROR:Erro na atualização de valores: 'TelaExecucao' object has no attribute 'cor_eletrodo_direito_teste'
2024-11-09 19:41:22,456:ERROR:Erro na atualização de valores: 'TelaExecucao' object has no attribute 'cor_eletrodo_direito_teste'
2024-11-09 19:41:22,664:ERROR:Erro na atualização de valores: 'TelaExecucao' object has no attribute 'cor_eletrodo_direito_teste'
2024-11-09 19:41:22,867:ERROR:Erro na atualização de valores: 'TelaExecucao' object has no attribute 'cor_eletrodo_direito_teste'
2024-11-09 19:41:23,072:ERROR:Erro na atualização de valores: 'TelaExecucao' object has no attribute 'cor_eletrodo_direito_teste'
2024-11-09 19:41:23,283:ERROR:Erro na atualização de valores: 'TelaExecucao' object has no attribute 'cor_eletrodo_direito_teste'
2024-11-09 19:41:23,484:ERROR:Erro na atualização de valores: 'TelaExecucao' object has no attribute 'cor_eletrodo_direito_teste'
2024-11-09 19:41:23,686:ERROR:Erro na atualização de valores: 'TelaExecucao' object has no attribute 'cor_eletrodo_direito_teste'
2024-11-09 19:41:23,891:ERROR:Erro na atualização de valores: 'TelaExecucao' object has no attribute 'cor_eletrodo_direito_teste'
2024-11-09 19:41:24,101:ERROR:Erro na atualização de valores: 'TelaExecucao' object has no attribute 'cor_eletrodo_direito_teste'
2024-11-09 19:41:24,301:ERROR:Erro na atualização de valores: 'TelaExecucao' object has no attribute 'cor_eletrodo_direito_teste'
2024-11-09 19:41:24,507:ERROR:Erro na atualização de valores: 'TelaExecucao' object has no attribute 'cor_eletrodo_direito_teste'
2024-11-09 19:41:24,712:ERROR:Erro na atualização de valores: 'TelaExecucao' object has no attribute 'cor_eletrodo_direito_teste'
2024-11-09 19:41:24,917:ERROR:Erro na atualização de valores: 'TelaExecucao' object has no attribute 'cor_eletrodo_direito_teste'
2024-11-09 19:41:25,120:ERROR:Erro na atualização de valores: 'TelaExecucao' object has no attribute 'cor_eletrodo_direito_teste'
2024-11-09 19:41:25,321:ERROR:Erro na atualização de valores: 'TelaExecucao' object has no attribute 'cor_eletrodo_direito_teste'
2024-11-09 19:41:25,532:ERROR:Erro na atualização de valores: 'TelaExecucao' object has no attribute 'cor_eletrodo_direito_teste'
2024-11-09 19:41:25,744:ERROR:Erro na atualização de valores: 'TelaExecucao' object has no attribute 'cor_eletrodo_direito_teste'
2024-11-09 19:41:25,949:ERROR:Erro na atualização de valores: 'TelaExecucao' object has no attribute 'cor_eletrodo_direito_teste'
2024-11-09 19:41:26,151:ERROR:Erro na atualização de valores: 'TelaExecucao' object has no attribute 'cor_eletrodo_direito_teste'
2024-11-09 19:41:26,360:ERROR:Erro na atualização de valores: 'TelaExecucao' object has no attribute 'cor_eletrodo_direito_teste'
2024-11-09 19:41:26,567:ERROR:Erro na atualização de valores: 'TelaExecucao' object has no attribute 'cor_eletrodo_direito_teste'
2024-11-09 19:41:26,776:ERROR:Erro na atualização de valores: 'TelaExecucao' object has no attribute 'cor_eletrodo_direito_teste'
2024-11-09 19:41:27,051:ERROR:Erro na atualização de valores: 'TelaExecucao' object has no attribute 'cor_eletrodo_direito_teste'
2024-11-09 19:41:27,254:ERROR:Erro na atualização de valores: 'TelaExecucao' object has no attribute 'cor_eletrodo_direito_teste'
2024-11-09 19:41:27,454:ERROR:Erro na atualização de valores: 'TelaExecucao' object has no attribute 'cor_eletrodo_direito_teste'
2024-11-09 19:41:27,661:ERROR:Erro na atualização de valores: 'TelaExecucao' object has no attribute 'cor_eletrodo_direito_teste'
2024-11-09 19:41:27,867:ERROR:Erro na atualização de valores: 'TelaExecucao' object has no attribute 'cor_eletrodo_direito_teste'
2024-11-09 19:41:28,071:ERROR:Erro na atualização de valores: 'TelaExecucao' object has no attribute 'cor_eletrodo_direito_teste'
2024-11-09 19:41:28,275:ERROR:Erro na atualização de valores: 'TelaExecucao' object has no attribute 'cor_eletrodo_direito_teste'
2024-11-09 19:45:00,323:ERROR:Erro na atualização de valores: 'TelaExecucao' object has no attribute 'cor_eletrodo_direito_teste'
2024-11-09 19:45:00,326:ERROR:Erro na atualização de valores: 'TelaExecucao' object has no attribute 'cor_eletrodo_direito_teste'
2024-11-09 19:45:00,327:ERROR:Erro na atualização de valores: 'TelaExecucao' object has no attribute 'cor_eletrodo_direito_teste'
2024-11-09 19:45:00,328:ERROR:Erro na atualização de valores: 'TelaExecucao' object has no attribute 'cor_eletrodo_direito_teste'
2024-11-09 19:45:00,330:ERROR:Erro na atualização de valores: 'TelaExecucao' object has no attribute 'cor_eletrodo_direito_teste'
2024-11-09 19:45:00,331:ERROR:Erro na atualização de valores: 'TelaExecucao' object has no attribute 'cor_eletrodo_direito_teste'
2024-11-09 19:45:00,332:ERROR:Erro na atualização de valores: 'TelaExecucao' object has no attribute 'cor_eletrodo_direito_teste'
2024-11-09 19:45:00,332:ERROR:Erro na atualização de valores: 'TelaExecucao' object has no attribute 'cor_eletrodo_direito_teste'
2024-11-09 19:45:00,333:ERROR:Erro na atualização de valores: 'TelaExecucao' object has no attribute 'cor_eletrodo_direito_teste'
2024-11-09 19:45:00,334:ERROR:Erro na atualização de valores: 'TelaExecucao' object has no attribute 'cor_eletrodo_direito_teste'
2024-11-09 19:45:00,512:ERROR:Erro na atualização de valores: 'TelaExecucao' object has no attribute 'cor_eletrodo_direito_teste'
2024-11-09 19:45:00,722:ERROR:Erro na atualização de valores: 'TelaExecucao' object has no attribute 'cor_eletrodo_direito_teste'
2024-11-09 19:45:00,927:ERROR:Erro na atualização de valores: 'TelaExecucao' object has no attribute 'cor_eletrodo_direito_teste'
2024-11-09 19:45:01,128:ERROR:Erro na atualização de valores: 'TelaExecucao' object has no attribute 'cor_eletrodo_direito_teste'
2024-11-09 19:45:01,333:ERROR:Erro na atualização de valores: 'TelaExecucao' object has no attribute 'cor_eletrodo_direito_teste'
2024-11-09 19:45:01,540:ERROR:Erro na atualização de valores: 'TelaExecucao' object has no attribute 'cor_eletrodo_direito_teste'
2024-11-09 19:45:01,742:ERROR:Erro na atualização de valores: 'TelaExecucao' object has no attribute 'cor_eletrodo_direito_teste'
2024-11-09 19:45:01,947:ERROR:Erro na atualização de valores: 'TelaExecucao' object has no attribute 'cor_eletrodo_direito_teste'
2024-11-09 19:45:02,153:ERROR:Erro na atualização de valores: 'TelaExecucao' object has no attribute 'cor_eletrodo_direito_teste'
2024-11-09 19:45:02,356:ERROR:Erro na atualização de valores: 'TelaExecucao' object has no attribute 'cor_eletrodo_direito_teste'
2024-11-09 19:45:02,564:ERROR:Erro na atualização de valores: 'TelaExecucao' object has no attribute 'cor_eletrodo_direito_teste'
2024-11-09 19:45:02,768:ERROR:Erro na atualização de valores: 'TelaExecucao' object has no attribute 'cor_eletrodo_direito_teste'
2024-11-09 19:45:02,970:ERROR:Erro na atualização de valores: 'TelaExecucao' object has no attribute 'cor_eletrodo_direito_teste'
2024-11-09 19:45:03,170:ERROR:Erro na atualização de valores: 'TelaExecucao' object has no attribute 'cor_eletrodo_direito_teste'
2024-11-09 19:45:03,376:ERROR:Erro na atualização de valores: 'TelaExecucao' object has no attribute 'cor_eletrodo_direito_teste'
2024-11-09 19:45:03,579:ERROR:Erro na atualização de valores: 'TelaExecucao' object has no attribute 'cor_eletrodo_direito_teste'
2024-11-09 19:45:03,783:ERROR:Erro na atualização de valores: 'TelaExecucao' object has no attribute 'cor_eletrodo_direito_teste'
2024-11-09 19:45:03,983:ERROR:Erro na atualização de valores: 'TelaExecucao' object has no attribute 'cor_eletrodo_direito_teste'
2024-11-09 19:45:04,189:ERROR:Erro na atualização de valores: 'TelaExecucao' object has no attribute 'cor_eletrodo_direito_teste'
2024-11-09 19:45:04,393:ERROR:Erro na atualização de valores: 'TelaExecucao' object has no attribute 'cor_eletrodo_direito_teste'
2024-11-09 19:45:04,602:ERROR:Erro na atualização de valores: 'TelaExecucao' object has no attribute 'cor_eletrodo_direito_teste'
2024-11-09 19:45:04,804:ERROR:Erro na atualização de valores: 'TelaExecucao' object has no attribute 'cor_eletrodo_direito_teste'
2024-11-09 19:45:05,011:ERROR:Erro na atualização de valores: 'TelaExecucao' object has no attribute 'cor_eletrodo_direito_teste'
2024-11-09 19:45:05,218:ERROR:Erro na atualização de valores: 'TelaExecucao' object has no attribute 'cor_eletrodo_direito_teste'
2024-11-09 19:45:05,420:ERROR:Erro na atualização de valores: 'TelaExecucao' object has no attribute 'cor_eletrodo_direito_teste'
2024-11-09 19:45:05,626:ERROR:Erro na atualização de valores: 'TelaExecucao' object has no attribute 'cor_eletrodo_direito_teste'
2024-11-09 19:45:05,827:ERROR:Erro na atualização de valores: 'TelaExecucao' object has no attribute 'cor_eletrodo_direito_teste'
2024-11-09 19:45:06,034:ERROR:Erro na atualização de valores: 'TelaExecucao' object has no attribute 'cor_eletrodo_direito_teste'
2024-11-09 19:45:06,241:ERROR:Erro na atualização de valores: 'TelaExecucao' object has no attribute 'cor_eletrodo_direito_teste'
2024-11-09 19:45:06,450:ERROR:Erro na atualização de valores: 'TelaExecucao' object has no attribute 'cor_eletrodo_direito_teste'
2024-11-09 19:45:06,657:ERROR:Erro na atualização de valores: 'TelaExecucao' object has no attribute 'cor_eletrodo_direito_teste'
2024-11-09 19:45:06,859:ERROR:Erro na atualização de valores: 'TelaExecucao' object has no attribute 'cor_eletrodo_direito_teste'
2024-11-09 19:45:07,063:ERROR:Erro na atualização de valores: 'TelaExecucao' object has no attribute 'cor_eletrodo_direito_teste'
2024-11-09 19:45:07,268:ERROR:Erro na atualização de valores: 'TelaExecucao' object has no attribute 'cor_eletrodo_direito_teste'
2024-11-09 19:45:07,470:ERROR:Erro na atualização de valores: 'TelaExecucao' object has no attribute 'cor_eletrodo_direito_teste'
2024-11-09 19:45:07,675:ERROR:Erro na atualização de valores: 'TelaExecucao' object has no attribute 'cor_eletrodo_direito_teste'
2024-11-09 19:45:07,878:ERROR:Erro na atualização de valores: 'TelaExecucao' object has no attribute 'cor_eletrodo_direito_teste'
2024-11-09 19:45:08,083:ERROR:Erro na atualização de valores: 'TelaExecucao' object has no attribute 'cor_eletrodo_direito_teste'
2024-11-09 19:45:08,286:ERROR:Erro na atualização de valores: 'TelaExecucao' object has no attribute 'cor_eletrodo_direito_teste'
2024-11-09 19:45:08,488:ERROR:Erro na atualização de valores: 'TelaExecucao' object has no attribute 'cor_eletrodo_direito_teste'
2024-11-09 19:45:08,696:ERROR:Erro na atualização de valores: 'TelaExecucao' object has no attribute 'cor_eletrodo_direito_teste'
2024-11-09 19:45:08,900:ERROR:Erro na atualização de valores: 'TelaExecucao' object has no attribute 'cor_eletrodo_direito_teste'
2024-11-09 19:45:09,103:ERROR:Erro na atualização de valores: 'TelaExecucao' object has no attribute 'cor_eletrodo_direito_teste'
2024-11-09 19:45:09,309:ERROR:Erro na atualização de valores: 'TelaExecucao' object has no attribute 'cor_eletrodo_direito_teste'
2024-11-09 19:45:23,428:ERROR:Erro na atualização de valores: 'TelaExecucao' object has no attribute 'cor_eletrodo_direito_teste'
2024-11-09 19:45:23,635:ERROR:Erro na atualização de valores: 'TelaExecucao' object has no attribute 'cor_eletrodo_direito_teste'
2024-11-09 19:45:23,836:ERROR:Erro na atualização de valores: 'TelaExecucao' object has no attribute 'cor_eletrodo_direito_teste'
2024-11-09 19:45:24,039:ERROR:Erro na atualização de valores: 'TelaExecucao' object has no attribute 'cor_eletrodo_direito_teste'
2024-11-09 19:45:24,240:ERROR:Erro na atualização de valores: 'TelaExecucao' object has no attribute 'cor_eletrodo_direito_teste'
2024-11-09 19:45:24,446:ERROR:Erro na atualização de valores: 'TelaExecucao' object has no attribute 'cor_eletrodo_direito_teste'
2024-11-09 19:45:24,654:ERROR:Erro na atualização de valores: 'TelaExecucao' object has no attribute 'cor_eletrodo_direito_teste'
2024-11-09 19:45:24,864:ERROR:Erro na atualização de valores: 'TelaExecucao' object has no attribute 'cor_eletrodo_direito_teste'
2024-11-09 19:45:25,069:ERROR:Erro na atualização de valores: 'TelaExecucao' object has no attribute 'cor_eletrodo_direito_teste'
2024-11-09 19:45:25,271:ERROR:Erro na atualização de valores: 'TelaExecucao' object has no attribute 'cor_eletrodo_direito_teste'
2024-11-09 19:45:25,476:ERROR:Erro na atualização de valores: 'TelaExecucao' object has no attribute 'cor_eletrodo_direito_teste'
2024-11-09 19:45:25,677:ERROR:Erro na atualização de valores: 'TelaExecucao' object has no attribute 'cor_eletrodo_direito_teste'
2024-11-09 19:45:25,882:ERROR:Erro na atualização de valores: 'TelaExecucao' object has no attribute 'cor_eletrodo_direito_teste'
2024-11-09 19:45:26,083:ERROR:Erro na atualização de valores: 'TelaExecucao' object has no attribute 'cor_eletrodo_direito_teste'
2024-11-09 19:45:26,283:ERROR:Erro na atualização de valores: 'TelaExecucao' object has no attribute 'cor_eletrodo_direito_teste'
2024-11-09 19:45:26,490:ERROR:Erro na atualização de valores: 'TelaExecucao' object has no attribute 'cor_eletrodo_direito_teste'
2024-11-09 19:45:26,694:ERROR:Erro na atualização de valores: 'TelaExecucao' object has no attribute 'cor_eletrodo_direito_teste'
2024-11-09 19:45:26,900:ERROR:Erro na atualização de valores: 'TelaExecucao' object has no attribute 'cor_eletrodo_direito_teste'
2024-11-09 19:45:27,102:ERROR:Erro na atualização de valores: 'TelaExecucao' object has no attribute 'cor_eletrodo_direito_teste'
2024-11-09 19:45:27,306:ERROR:Erro na atualização de valores: 'TelaExecucao' object has no attribute 'cor_eletrodo_direito_teste'
2024-11-09 19:45:27,506:ERROR:Erro na atualização de valores: 'TelaExecucao' object has no attribute 'cor_eletrodo_direito_teste'
2024-11-09 19:45:27,714:ERROR:Erro na atualização de valores: 'TelaExecucao' object has no attribute 'cor_eletrodo_direito_teste'
2024-11-09 19:45:27,920:ERROR:Erro na atualização de valores: 'TelaExecucao' object has no attribute 'cor_eletrodo_direito_teste'
2024-11-09 19:45:28,131:ERROR:Erro na atualização de valores: 'TelaExecucao' object has no attribute 'cor_eletrodo_direito_teste'
2024-11-09 19:45:28,334:ERROR:Erro na atualização de valores: 'TelaExecucao' object has no attribute 'cor_eletrodo_direito_teste'
2024-11-09 19:45:28,537:ERROR:Erro na atualização de valores: 'TelaExecucao' object has no attribute 'cor_eletrodo_direito_teste'
2024-11-09 19:45:28,745:ERROR:Erro na atualização de valores: 'TelaExecucao' object has no attribute 'cor_eletrodo_direito_teste'
2024-11-09 19:45:28,950:ERROR:Erro na atualização de valores: 'TelaExecucao' object has no attribute 'cor_eletrodo_direito_teste'
2024-11-09 19:45:29,154:ERROR:Erro na atualização de valores: 'TelaExecucao' object has no attribute 'cor_eletrodo_direito_teste'
2024-11-09 19:45:29,358:ERROR:Erro na atualização de valores: 'TelaExecucao' object has no attribute 'cor_eletrodo_direito_teste'
2024-11-09 19:45:29,566:ERROR:Erro na atualização de valores: 'TelaExecucao' object has no attribute 'cor_eletrodo_direito_teste'
2024-11-09 19:45:29,769:ERROR:Erro na atualização de valores: 'TelaExecucao' object has no attribute 'cor_eletrodo_direito_teste'
2024-11-09 19:45:29,974:ERROR:Erro na atualização de valores: 'TelaExecucao' object has no attribute 'cor_eletrodo_direito_teste'
2024-11-09 19:45:30,183:ERROR:Erro na atualização de valores: 'TelaExecucao' object has no attribute 'cor_eletrodo_direito_teste'
2024-11-09 19:45:30,387:ERROR:Erro na atualização de valores: 'TelaExecucao' object has no attribute 'cor_eletrodo_direito_teste'
2024-11-09 19:45:30,596:ERROR:Erro na atualização de valores: 'TelaExecucao' object has no attribute 'cor_eletrodo_direito_teste'
2024-11-09 19:45:30,800:ERROR:Erro na atualização de valores: 'TelaExecucao' object has no attribute 'cor_eletrodo_direito_teste'
2024-11-09 19:45:31,001:ERROR:Erro na atualização de valores: 'TelaExecucao' object has no attribute 'cor_eletrodo_direito_teste'
2024-11-09 19:45:31,202:ERROR:Erro na atualização de valores: 'TelaExecucao' object has no attribute 'cor_eletrodo_direito_teste'
2024-11-09 19:45:31,407:ERROR:Erro na atualização de valores: 'TelaExecucao' object has no attribute 'cor_eletrodo_direito_teste'
2024-11-09 19:45:31,612:ERROR:Erro na atualização de valores: 'TelaExecucao' object has no attribute 'cor_eletrodo_direito_teste'
2024-11-09 19:45:31,816:ERROR:Erro na atualização de valores: 'TelaExecucao' object has no attribute 'cor_eletrodo_direito_teste'
2024-11-09 19:45:32,020:ERROR:Erro na atualização de valores: 'TelaExecucao' object has no attribute 'cor_eletrodo_direito_teste'
2024-11-09 19:45:32,228:ERROR:Erro na atualização de valores: 'TelaExecucao' object has no attribute 'cor_eletrodo_direito_teste'
2024-11-09 19:45:32,431:ERROR:Erro na atualização de valores: 'TelaExecucao' object has no attribute 'cor_eletrodo_direito_teste'
2024-11-09 19:45:40,544:ERROR:Erro na atualização de valores: 'TelaExecucao' object has no attribute 'cor_eletrodo_direito_teste'
2024-11-09 19:45:40,609:ERROR:Erro na atualização de valores: 'TelaExecucao' object has no attribute 'cor_eletrodo_direito_teste'
2024-11-09 19:45:40,816:ERROR:Erro na atualização de valores: 'TelaExecucao' object has no attribute 'cor_eletrodo_direito_teste'
2024-11-09 19:45:41,024:ERROR:Erro na atualização de valores: 'TelaExecucao' object has no attribute 'cor_eletrodo_direito_teste'
2024-11-09 19:45:41,233:ERROR:Erro na atualização de valores: 'TelaExecucao' object has no attribute 'cor_eletrodo_direito_teste'
2024-11-09 19:45:41,436:ERROR:Erro na atualização de valores: 'TelaExecucao' object has no attribute 'cor_eletrodo_direito_teste'
2024-11-09 19:45:41,640:ERROR:Erro na atualização de valores: 'TelaExecucao' object has no attribute 'cor_eletrodo_direito_teste'
2024-11-09 19:45:41,848:ERROR:Erro na atualização de valores: 'TelaExecucao' object has no attribute 'cor_eletrodo_direito_teste'
2024-11-09 19:45:42,051:ERROR:Erro na atualização de valores: 'TelaExecucao' object has no attribute 'cor_eletrodo_direito_teste'
2024-11-09 19:45:42,252:ERROR:Erro na atualização de valores: 'TelaExecucao' object has no attribute 'cor_eletrodo_direito_teste'
2024-11-09 19:45:42,458:ERROR:Erro na atualização de valores: 'TelaExecucao' object has no attribute 'cor_eletrodo_direito_teste'
2024-11-09 19:45:42,665:ERROR:Erro na atualização de valores: 'TelaExecucao' object has no attribute 'cor_eletrodo_direito_teste'
2024-11-09 19:45:42,869:ERROR:Erro na atualização de valores: 'TelaExecucao' object has no attribute 'cor_eletrodo_direito_teste'
2024-11-09 19:45:43,075:ERROR:Erro na atualização de valores: 'TelaExecucao' object has no attribute 'cor_eletrodo_direito_teste'
2024-11-09 19:45:43,283:ERROR:Erro na atualização de valores: 'TelaExecucao' object has no attribute 'cor_eletrodo_direito_teste'
2024-11-09 19:45:43,486:ERROR:Erro na atualização de valores: 'TelaExecucao' object has no attribute 'cor_eletrodo_direito_teste'
2024-11-09 19:45:43,687:ERROR:Erro na atualização de valores: 'TelaExecucao' object has no attribute 'cor_eletrodo_direito_teste'
2024-11-09 19:45:43,891:ERROR:Erro na atualização de valores: 'TelaExecucao' object has no attribute 'cor_eletrodo_direito_teste'
2024-11-09 19:45:44,097:ERROR:Erro na atualização de valores: 'TelaExecucao' object has no attribute 'cor_eletrodo_direito_teste'
2024-11-09 19:45:44,303:ERROR:Erro na atualização de valores: 'TelaExecucao' object has no attribute 'cor_eletrodo_direito_teste'
2024-11-09 19:45:44,508:ERROR:Erro na atualização de valores: 'TelaExecucao' object has no attribute 'cor_eletrodo_direito_teste'
2024-11-09 19:45:44,717:ERROR:Erro na atualização de valores: 'TelaExecucao' object has no attribute 'cor_eletrodo_direito_teste'
2024-11-09 19:45:44,922:ERROR:Erro na atualização de valores: 'TelaExecucao' object has no attribute 'cor_eletrodo_direito_teste'
2024-11-09 19:45:45,129:ERROR:Erro na atualização de valores: 'TelaExecucao' object has no attribute 'cor_eletrodo_direito_teste'
2024-11-09 19:45:45,332:ERROR:Erro na atualização de valores: 'TelaExecucao' object has no attribute 'cor_eletrodo_direito_teste'
2024-11-09 19:45:45,540:ERROR:Erro na atualização de valores: 'TelaExecucao' object has no attribute 'cor_eletrodo_direito_teste'
2024-11-09 19:45:45,747:ERROR:Erro na atualização de valores: 'TelaExecucao' object has no attribute 'cor_eletrodo_direito_teste'
2024-11-09 19:45:45,949:ERROR:Erro na atualização de valores: 'TelaExecucao' object has no attribute 'cor_eletrodo_direito_teste'
2024-11-09 19:45:46,150:ERROR:Erro na atualização de valores: 'TelaExecucao' object has no attribute 'cor_eletrodo_direito_teste'
2024-11-09 19:45:46,352:ERROR:Erro na atualização de valores: 'TelaExecucao' object has no attribute 'cor_eletrodo_direito_teste'
2024-11-09 19:45:46,556:ERROR:Erro na atualização de valores: 'TelaExecucao' object has no attribute 'cor_eletrodo_direito_teste'
2024-11-09 19:45:46,761:ERROR:Erro na atualização de valores: 'TelaExecucao' object has no attribute 'cor_eletrodo_direito_teste'
2024-11-09 19:45:46,968:ERROR:Erro na atualização de valores: 'TelaExecucao' object has no attribute 'cor_eletrodo_direito_teste'
2024-11-09 19:45:47,177:ERROR:Erro na atualização de valores: 'TelaExecucao' object has no attribute 'cor_eletrodo_direito_teste'
2024-11-09 19:45:47,381:ERROR:Erro na atualização de valores: 'TelaExecucao' object has no attribute 'cor_eletrodo_direito_teste'
2024-11-09 19:45:47,585:ERROR:Erro na atualização de valores: 'TelaExecucao' object has no attribute 'cor_eletrodo_direito_teste'
2024-11-09 19:45:47,788:ERROR:Erro na atualização de valores: 'TelaExecucao' object has no attribute 'cor_eletrodo_direito_teste'
2024-11-09 19:45:47,998:ERROR:Erro na atualização de valores: 'TelaExecucao' object has no attribute 'cor_eletrodo_direito_teste'
2024-11-09 19:45:48,203:ERROR:Erro na atualização de valores: 'TelaExecucao' object has no attribute 'cor_eletrodo_direito_teste'
2024-11-09 19:45:48,408:ERROR:Erro na atualização de valores: 'TelaExecucao' object has no attribute 'cor_eletrodo_direito_teste'
2024-11-09 19:45:48,615:ERROR:Erro na atualização de valores: 'TelaExecucao' object has no attribute 'cor_eletrodo_direito_teste'
2024-11-09 19:45:48,819:ERROR:Erro na atualização de valores: 'TelaExecucao' object has no attribute 'cor_eletrodo_direito_teste'
2024-11-09 19:45:49,022:ERROR:Erro na atualização de valores: 'TelaExecucao' object has no attribute 'cor_eletrodo_direito_teste'
2024-11-09 19:45:49,223:ERROR:Erro na atualização de valores: 'TelaExecucao' object has no attribute 'cor_eletrodo_direito_teste'
2024-11-09 19:45:49,428:ERROR:Erro na atualização de valores: 'TelaExecucao' object has no attribute 'cor_eletrodo_direito_teste'
2024-11-09 19:46:02,959:ERROR:Erro na atualização de valores: 'TelaExecucao' object has no attribute 'cor_eletrodo_direito_teste'
2024-11-09 19:46:02,960:ERROR:Erro na atualização de valores: 'TelaExecucao' object has no attribute 'cor_eletrodo_direito_teste'
2024-11-09 19:46:03,161:ERROR:Erro na atualização de valores: 'TelaExecucao' object has no attribute 'cor_eletrodo_direito_teste'
2024-11-09 19:46:03,365:ERROR:Erro na atualização de valores: 'TelaExecucao' object has no attribute 'cor_eletrodo_direito_teste'
2024-11-09 19:46:03,573:ERROR:Erro na atualização de valores: 'TelaExecucao' object has no attribute 'cor_eletrodo_direito_teste'
2024-11-09 19:46:03,782:ERROR:Erro na atualização de valores: 'TelaExecucao' object has no attribute 'cor_eletrodo_direito_teste'
2024-11-09 19:46:03,983:ERROR:Erro na atualização de valores: 'TelaExecucao' object has no attribute 'cor_eletrodo_direito_teste'
2024-11-09 19:46:04,186:ERROR:Erro na atualização de valores: 'TelaExecucao' object has no attribute 'cor_eletrodo_direito_teste'
2024-11-09 19:46:04,390:ERROR:Erro na atualização de valores: 'TelaExecucao' object has no attribute 'cor_eletrodo_direito_teste'
2024-11-09 19:46:04,598:ERROR:Erro na atualização de valores: 'TelaExecucao' object has no attribute 'cor_eletrodo_direito_teste'
2024-11-09 19:46:04,805:ERROR:Erro na atualização de valores: 'TelaExecucao' object has no attribute 'cor_eletrodo_direito_teste'
2024-11-09 19:46:05,010:ERROR:Erro na atualização de valores: 'TelaExecucao' object has no attribute 'cor_eletrodo_direito_teste'
2024-11-09 19:46:05,215:ERROR:Erro na atualização de valores: 'TelaExecucao' object has no attribute 'cor_eletrodo_direito_teste'
2024-11-09 19:46:05,421:ERROR:Erro na atualização de valores: 'TelaExecucao' object has no attribute 'cor_eletrodo_direito_teste'
2024-11-09 19:46:05,627:ERROR:Erro na atualização de valores: 'TelaExecucao' object has no attribute 'cor_eletrodo_direito_teste'
2024-11-09 19:46:05,833:ERROR:Erro na atualização de valores: 'TelaExecucao' object has no attribute 'cor_eletrodo_direito_teste'
2024-11-09 19:46:06,041:ERROR:Erro na atualização de valores: 'TelaExecucao' object has no attribute 'cor_eletrodo_direito_teste'
2024-11-09 19:46:06,246:ERROR:Erro na atualização de valores: 'TelaExecucao' object has no attribute 'cor_eletrodo_direito_teste'
2024-11-09 19:46:06,450:ERROR:Erro na atualização de valores: 'TelaExecucao' object has no attribute 'cor_eletrodo_direito_teste'
2024-11-09 19:46:06,655:ERROR:Erro na atualização de valores: 'TelaExecucao' object has no attribute 'cor_eletrodo_direito_teste'
2024-11-09 19:46:06,860:ERROR:Erro na atualização de valores: 'TelaExecucao' object has no attribute 'cor_eletrodo_direito_teste'
2024-11-09 19:46:07,068:ERROR:Erro na atualização de valores: 'TelaExecucao' object has no attribute 'cor_eletrodo_direito_teste'
2024-11-09 19:46:07,270:ERROR:Erro na atualização de valores: 'TelaExecucao' object has no attribute 'cor_eletrodo_direito_teste'
2024-11-09 19:46:07,473:ERROR:Erro na atualização de valores: 'TelaExecucao' object has no attribute 'cor_eletrodo_direito_teste'
2024-11-09 19:46:07,679:ERROR:Erro na atualização de valores: 'TelaExecucao' object has no attribute 'cor_eletrodo_direito_teste'
2024-11-09 19:46:07,882:ERROR:Erro na atualização de valores: 'TelaExecucao' object has no attribute 'cor_eletrodo_direito_teste'
2024-11-09 19:46:08,084:ERROR:Erro na atualização de valores: 'TelaExecucao' object has no attribute 'cor_eletrodo_direito_teste'
2024-11-09 19:46:08,290:ERROR:Erro na atualização de valores: 'TelaExecucao' object has no attribute 'cor_eletrodo_direito_teste'
2024-11-09 19:46:08,495:ERROR:Erro na atualização de valores: 'TelaExecucao' object has no attribute 'cor_eletrodo_direito_teste'
2024-11-09 19:46:08,699:ERROR:Erro na atualização de valores: 'TelaExecucao' object has no attribute 'cor_eletrodo_direito_teste'
2024-11-09 19:46:08,899:ERROR:Erro na atualização de valores: 'TelaExecucao' object has no attribute 'cor_eletrodo_direito_teste'
2024-11-09 19:46:09,103:ERROR:Erro na atualização de valores: 'TelaExecucao' object has no attribute 'cor_eletrodo_direito_teste'
2024-11-09 19:46:09,308:ERROR:Erro na atualização de valores: 'TelaExecucao' object has no attribute 'cor_eletrodo_direito_teste'
2024-11-09 19:46:09,514:ERROR:Erro na atualização de valores: 'TelaExecucao' object has no attribute 'cor_eletrodo_direito_teste'
2024-11-09 19:46:09,717:ERROR:Erro na atualização de valores: 'TelaExecucao' object has no attribute 'cor_eletrodo_direito_teste'
2024-11-09 19:46:09,923:ERROR:Erro na atualização de valores: 'TelaExecucao' object has no attribute 'cor_eletrodo_direito_teste'
2024-11-09 19:46:10,128:ERROR:Erro na atualização de valores: 'TelaExecucao' object has no attribute 'cor_eletrodo_direito_teste'
2024-11-09 19:46:10,332:ERROR:Erro na atualização de valores: 'TelaExecucao' object has no attribute 'cor_eletrodo_direito_teste'
2024-11-09 19:46:10,534:ERROR:Erro na atualização de valores: 'TelaExecucao' object has no attribute 'cor_eletrodo_direito_teste'
2024-11-09 19:46:10,738:ERROR:Erro na atualização de valores: 'TelaExecucao' object has no attribute 'cor_eletrodo_direito_teste'
2024-11-09 19:46:10,945:ERROR:Erro na atualização de valores: 'TelaExecucao' object has no attribute 'cor_eletrodo_direito_teste'
2024-11-09 19:46:11,149:ERROR:Erro na atualização de valores: 'TelaExecucao' object has no attribute 'cor_eletrodo_direito_teste'
2024-11-09 19:46:11,350:ERROR:Erro na atualização de valores: 'TelaExecucao' object has no attribute 'cor_eletrodo_direito_teste'
2024-11-09 19:46:11,551:ERROR:Erro na atualização de valores: 'TelaExecucao' object has no attribute 'cor_eletrodo_direito_teste'
2024-11-09 19:46:11,756:ERROR:Erro na atualização de valores: 'TelaExecucao' object has no attribute 'cor_eletrodo_direito_teste'
2024-11-09 19:46:11,963:ERROR:Erro na atualização de valores: 'TelaExecucao' object has no attribute 'cor_eletrodo_direito_teste'
2024-11-09 19:49:04,273:ERROR:Erro na atualização de valores: 'TelaExecucao' object has no attribute 'cor_eletrodo_direito_teste'
2024-11-09 19:49:04,275:ERROR:Erro na atualização de valores: 'TelaExecucao' object has no attribute 'cor_eletrodo_direito_teste'
2024-11-09 19:49:04,276:ERROR:Erro na atualização de valores: 'TelaExecucao' object has no attribute 'cor_eletrodo_direito_teste'
2024-11-09 19:49:04,277:ERROR:Erro na atualização de valores: 'TelaExecucao' object has no attribute 'cor_eletrodo_direito_teste'
2024-11-09 19:49:04,278:ERROR:Erro na atualização de valores: 'TelaExecucao' object has no attribute 'cor_eletrodo_direito_teste'
2024-11-09 19:49:04,279:ERROR:Erro na atualização de valores: 'TelaExecucao' object has no attribute 'cor_eletrodo_direito_teste'
2024-11-09 19:49:04,280:ERROR:Erro na atualização de valores: 'TelaExecucao' object has no attribute 'cor_eletrodo_direito_teste'
2024-11-09 19:49:04,280:ERROR:Erro na atualização de valores: 'TelaExecucao' object has no attribute 'cor_eletrodo_direito_teste'
2024-11-09 19:49:04,281:ERROR:Erro na atualização de valores: 'TelaExecucao' object has no attribute 'cor_eletrodo_direito_teste'
2024-11-09 19:49:04,282:ERROR:Erro na atualização de valores: 'TelaExecucao' object has no attribute 'cor_eletrodo_direito_teste'
2024-11-09 19:49:04,330:ERROR:Erro na atualização de valores: 'TelaExecucao' object has no attribute 'cor_eletrodo_direito_teste'
2024-11-09 19:49:04,532:ERROR:Erro na atualização de valores: 'TelaExecucao' object has no attribute 'cor_eletrodo_direito_teste'
2024-11-09 19:49:04,735:ERROR:Erro na atualização de valores: 'TelaExecucao' object has no attribute 'cor_eletrodo_direito_teste'
2024-11-09 19:49:04,942:ERROR:Erro na atualização de valores: 'TelaExecucao' object has no attribute 'cor_eletrodo_direito_teste'
2024-11-09 19:49:05,147:ERROR:Erro na atualização de valores: 'TelaExecucao' object has no attribute 'cor_eletrodo_direito_teste'
2024-11-09 19:49:05,355:ERROR:Erro na atualização de valores: 'TelaExecucao' object has no attribute 'cor_eletrodo_direito_teste'
2024-11-09 19:49:05,563:ERROR:Erro na atualização de valores: 'TelaExecucao' object has no attribute 'cor_eletrodo_direito_teste'
2024-11-09 19:49:05,768:ERROR:Erro na atualização de valores: 'TelaExecucao' object has no attribute 'cor_eletrodo_direito_teste'
2024-11-09 19:49:05,970:ERROR:Erro na atualização de valores: 'TelaExecucao' object has no attribute 'cor_eletrodo_direito_teste'
2024-11-09 19:49:06,174:ERROR:Erro na atualização de valores: 'TelaExecucao' object has no attribute 'cor_eletrodo_direito_teste'
2024-11-09 19:49:06,378:ERROR:Erro na atualização de valores: 'TelaExecucao' object has no attribute 'cor_eletrodo_direito_teste'
2024-11-09 19:49:06,580:ERROR:Erro na atualização de valores: 'TelaExecucao' object has no attribute 'cor_eletrodo_direito_teste'
2024-11-09 19:49:06,781:ERROR:Erro na atualização de valores: 'TelaExecucao' object has no attribute 'cor_eletrodo_direito_teste'
2024-11-09 19:49:06,984:ERROR:Erro na atualização de valores: 'TelaExecucao' object has no attribute 'cor_eletrodo_direito_teste'
2024-11-09 19:49:07,185:ERROR:Erro na atualização de valores: 'TelaExecucao' object has no attribute 'cor_eletrodo_direito_teste'
2024-11-09 19:49:07,390:ERROR:Erro na atualização de valores: 'TelaExecucao' object has no attribute 'cor_eletrodo_direito_teste'
2024-11-09 19:49:07,595:ERROR:Erro na atualização de valores: 'TelaExecucao' object has no attribute 'cor_eletrodo_direito_teste'
2024-11-09 19:49:07,797:ERROR:Erro na atualização de valores: 'TelaExecucao' object has no attribute 'cor_eletrodo_direito_teste'
2024-11-09 19:49:08,003:ERROR:Erro na atualização de valores: 'TelaExecucao' object has no attribute 'cor_eletrodo_direito_teste'
2024-11-09 19:49:08,212:ERROR:Erro na atualização de valores: 'TelaExecucao' object has no attribute 'cor_eletrodo_direito_teste'
2024-11-09 19:49:08,413:ERROR:Erro na atualização de valores: 'TelaExecucao' object has no attribute 'cor_eletrodo_direito_teste'
2024-11-09 19:49:08,615:ERROR:Erro na atualização de valores: 'TelaExecucao' object has no attribute 'cor_eletrodo_direito_teste'
2024-11-09 19:49:08,815:ERROR:Erro na atualização de valores: 'TelaExecucao' object has no attribute 'cor_eletrodo_direito_teste'
2024-11-09 19:49:09,022:ERROR:Erro na atualização de valores: 'TelaExecucao' object has no attribute 'cor_eletrodo_direito_teste'
2024-11-09 19:49:09,226:ERROR:Erro na atualização de valores: 'TelaExecucao' object has no attribute 'cor_eletrodo_direito_teste'
2024-11-09 19:49:09,432:ERROR:Erro na atualização de valores: 'TelaExecucao' object has no attribute 'cor_eletrodo_direito_teste'
2024-11-09 19:49:09,639:ERROR:Erro na atualização de valores: 'TelaExecucao' object has no attribute 'cor_eletrodo_direito_teste'
2024-11-09 19:49:09,845:ERROR:Erro na atualização de valores: 'TelaExecucao' object has no attribute 'cor_eletrodo_direito_teste'
2024-11-09 19:49:10,050:ERROR:Erro na atualização de valores: 'TelaExecucao' object has no attribute 'cor_eletrodo_direito_teste'
2024-11-09 19:49:10,254:ERROR:Erro na atualização de valores: 'TelaExecucao' object has no attribute 'cor_eletrodo_direito_teste'
2024-11-09 19:49:10,463:ERROR:Erro na atualização de valores: 'TelaExecucao' object has no attribute 'cor_eletrodo_direito_teste'
2024-11-09 19:49:10,664:ERROR:Erro na atualização de valores: 'TelaExecucao' object has no attribute 'cor_eletrodo_direito_teste'
2024-11-09 19:49:10,870:ERROR:Erro na atualização de valores: 'TelaExecucao' object has no attribute 'cor_eletrodo_direito_teste'
2024-11-09 19:49:11,077:ERROR:Erro na atualização de valores: 'TelaExecucao' object has no attribute 'cor_eletrodo_direito_teste'
2024-11-09 19:49:11,284:ERROR:Erro na atualização de valores: 'TelaExecucao' object has no attribute 'cor_eletrodo_direito_teste'
2024-11-09 19:49:11,494:ERROR:Erro na atualização de valores: 'TelaExecucao' object has no attribute 'cor_eletrodo_direito_teste'
2024-11-09 19:49:11,696:ERROR:Erro na atualização de valores: 'TelaExecucao' object has no attribute 'cor_eletrodo_direito_teste'
2024-11-09 19:49:11,905:ERROR:Erro na atualização de valores: 'TelaExecucao' object has no attribute 'cor_eletrodo_direito_teste'
2024-11-09 19:49:12,107:ERROR:Erro na atualização de valores: 'TelaExecucao' object has no attribute 'cor_eletrodo_direito_teste'
2024-11-09 19:49:12,311:ERROR:Erro na atualização de valores: 'TelaExecucao' object has no attribute 'cor_eletrodo_direito_teste'
2024-11-09 19:49:12,512:ERROR:Erro na atualização de valores: 'TelaExecucao' object has no attribute 'cor_eletrodo_direito_teste'
2024-11-09 19:49:12,719:ERROR:Erro na atualização de valores: 'TelaExecucao' object has no attribute 'cor_eletrodo_direito_teste'
2024-11-09 19:49:12,927:ERROR:Erro na atualização de valores: 'TelaExecucao' object has no attribute 'cor_eletrodo_direito_teste'
2024-11-09 19:49:13,130:ERROR:Erro na atualização de valores: 'TelaExecucao' object has no attribute 'cor_eletrodo_direito_teste'
